<?xml version="1.0" encoding="UTF-8"?>
<testng-results ignored="0" total="14" passed="1" failed="13" skipped="0">
  <reporter-output>
  </reporter-output>
  <suite started-at="2026-03-07T21:07:56 IST" name="Surefire suite" finished-at="2026-03-07T21:08:22 IST" duration-ms="25683">
    <groups>
      <group name="cucumber">
        <method signature="AbstractTestNGCucumberTests.runScenario(io.cucumber.testng.PickleWrapper,io.cucumber.testng.FeatureWrapper)[pri:0, instance:runners.TestRunnerClass@1bd4fdd]" name="runScenario" class="io.cucumber.testng.AbstractTestNGCucumberTests"/>
      </group> <!-- cucumber -->
    </groups>
    <test started-at="2026-03-07T21:07:56 IST" name="Surefire test" finished-at="2026-03-07T21:08:22 IST" duration-ms="25683">
      <class name="runners.TestRunnerClass">
        <test-method is-config="true" signature="setUpClass(org.testng.ITestContext)[pri:0, instance:runners.TestRunnerClass@1bd4fdd]" started-at="2026-03-07T21:07:57 IST" name="setUpClass" finished-at="2026-03-07T21:07:58 IST" duration-ms="1226" status="PASS">
          <params>
            <param index="0">
              <value>
                <![CDATA[org.testng.TestRunner@4ae280da]]>
              </value>
            </param>
          </params>
          <reporter-output>
          </reporter-output>
        </test-method> <!-- setUpClass -->
        <test-method signature="runScenario(io.cucumber.testng.PickleWrapper,io.cucumber.testng.FeatureWrapper)[pri:0, instance:runners.TestRunnerClass@1bd4fdd]" started-at="2026-03-07T21:07:58 IST" name="runScenario" description="Runs Cucumber Scenarios" data-provider="scenarios" finished-at="2026-03-07T21:08:09 IST" duration-ms="11471" status="PASS">
          <params>
            <param index="0">
              <value>
                <![CDATA["Login with valid credentials"]]>
              </value>
            </param>
            <param index="1">
              <value>
                <![CDATA["Login functionality"]]>
              </value>
            </param>
          </params>
          <reporter-output>
          </reporter-output>
        </test-method> <!-- runScenario -->
        <test-method signature="runScenario(io.cucumber.testng.PickleWrapper,io.cucumber.testng.FeatureWrapper)[pri:0, instance:runners.TestRunnerClass@1bd4fdd]" started-at="2026-03-07T21:08:09 IST" name="runScenario" description="Runs Cucumber Scenarios" data-provider="scenarios" finished-at="2026-03-07T21:08:10 IST" duration-ms="1096" status="FAIL">
          <params>
            <param index="0">
              <value>
                <![CDATA["Successful account registration"]]>
              </value>
            </param>
            <param index="1">
              <value>
                <![CDATA["Register a new Account"]]>
              </value>
            </param>
          </params>
          <exception class="io.cucumber.testng.UndefinedStepException">
            <message>
              <![CDATA[The step 'the user is on the Qafox.com registration page' and 5 other step(s) are undefined.
You can implement these steps using the snippet(s) below:

@Given("the user is on the Qafox.com registration page")
public void the_user_is_on_the_qafox_com_registration_page() {
    // Write code here that turns the phrase above into concrete actions
    throw new io.cucumber.java.PendingException();
}
@When("the user enters personal details:")
public void the_user_enters_personal_details(io.cucumber.datatable.DataTable dataTable) {
    // Write code here that turns the phrase above into concrete actions
    // For automatic transformation, change DataTable to one of
    // E, List<E>, List<List<E>>, List<Map<K,V>>, Map<K,V> or
    // Map<K, List<V>>. E,K,V must be a String, Integer, Float,
    // Double, Byte, Short, Long, BigInteger or BigDecimal.
    //
    // For other transformations you can register a DataTableType.
    throw new io.cucumber.java.PendingException();
}
@When("the user agrees to the Privacy Policy")
public void the_user_agrees_to_the_privacy_policy() {
    // Write code here that turns the phrase above into concrete actions
    throw new io.cucumber.java.PendingException();
}
@When("the user clicks on {string} button")
public void the_user_clicks_on_button(String string) {
    // Write code here that turns the phrase above into concrete actions
    throw new io.cucumber.java.PendingException();
}
@Then("the user should see the success message {string}")
public void the_user_should_see_the_success_message(String string) {
    // Write code here that turns the phrase above into concrete actions
    throw new io.cucumber.java.PendingException();
}
@Then("a screenshot is taken with name {string}")
public void a_screenshot_is_taken_with_name(String string) {
    // Write code here that turns the phrase above into concrete actions
    throw new io.cucumber.java.PendingException();
}
]]>
            </message>
            <full-stacktrace>
              <![CDATA[io.cucumber.testng.UndefinedStepException: The step 'the user is on the Qafox.com registration page' and 5 other step(s) are undefined.
You can implement these steps using the snippet(s) below:

@Given("the user is on the Qafox.com registration page")
public void the_user_is_on_the_qafox_com_registration_page() {
    // Write code here that turns the phrase above into concrete actions
    throw new io.cucumber.java.PendingException();
}
@When("the user enters personal details:")
public void the_user_enters_personal_details(io.cucumber.datatable.DataTable dataTable) {
    // Write code here that turns the phrase above into concrete actions
    // For automatic transformation, change DataTable to one of
    // E, List<E>, List<List<E>>, List<Map<K,V>>, Map<K,V> or
    // Map<K, List<V>>. E,K,V must be a String, Integer, Float,
    // Double, Byte, Short, Long, BigInteger or BigDecimal.
    //
    // For other transformations you can register a DataTableType.
    throw new io.cucumber.java.PendingException();
}
@When("the user agrees to the Privacy Policy")
public void the_user_agrees_to_the_privacy_policy() {
    // Write code here that turns the phrase above into concrete actions
    throw new io.cucumber.java.PendingException();
}
@When("the user clicks on {string} button")
public void the_user_clicks_on_button(String string) {
    // Write code here that turns the phrase above into concrete actions
    throw new io.cucumber.java.PendingException();
}
@Then("the user should see the success message {string}")
public void the_user_should_see_the_success_message(String string) {
    // Write code here that turns the phrase above into concrete actions
    throw new io.cucumber.java.PendingException();
}
@Then("a screenshot is taken with name {string}")
public void a_screenshot_is_taken_with_name(String string) {
    // Write code here that turns the phrase above into concrete actions
    throw new io.cucumber.java.PendingException();
}

at ✽.the user is on the Qafox.com registration page(file:///D:/OpenCartAutomationProject/src/test/resources/features/RegisterAccount.feature:8)
]]>
            </full-stacktrace>
          </exception> <!-- io.cucumber.testng.UndefinedStepException -->
          <reporter-output>
          </reporter-output>
        </test-method> <!-- runScenario -->
        <test-method signature="runScenario(io.cucumber.testng.PickleWrapper,io.cucumber.testng.FeatureWrapper)[pri:0, instance:runners.TestRunnerClass@1bd4fdd]" started-at="2026-03-07T21:08:10 IST" name="runScenario" description="Runs Cucumber Scenarios" data-provider="scenarios" finished-at="2026-03-07T21:08:11 IST" duration-ms="910" status="FAIL">
          <params>
            <param index="0">
              <value>
                <![CDATA["Search with valid product name"]]>
              </value>
            </param>
            <param index="1">
              <value>
                <![CDATA["Product Search"]]>
              </value>
            </param>
          </params>
          <exception class="io.cucumber.testng.UndefinedStepException">
            <message>
              <![CDATA[The step 'User is on the home page' and 3 other step(s) are undefined.
You can implement these steps using the snippet(s) below:

@Given("User is on the home page")
public void user_is_on_the_home_page() {
    // Write code here that turns the phrase above into concrete actions
    throw new io.cucumber.java.PendingException();
}
@When("User enters product name in search box")
public void user_enters_product_name_in_search_box() {
    // Write code here that turns the phrase above into concrete actions
    throw new io.cucumber.java.PendingException();
}
@When("User clicks on search button")
public void user_clicks_on_search_button() {
    // Write code here that turns the phrase above into concrete actions
    throw new io.cucumber.java.PendingException();
}
@Then("User should see search results")
public void user_should_see_search_results() {
    // Write code here that turns the phrase above into concrete actions
    throw new io.cucumber.java.PendingException();
}
]]>
            </message>
            <full-stacktrace>
              <![CDATA[io.cucumber.testng.UndefinedStepException: The step 'User is on the home page' and 3 other step(s) are undefined.
You can implement these steps using the snippet(s) below:

@Given("User is on the home page")
public void user_is_on_the_home_page() {
    // Write code here that turns the phrase above into concrete actions
    throw new io.cucumber.java.PendingException();
}
@When("User enters product name in search box")
public void user_enters_product_name_in_search_box() {
    // Write code here that turns the phrase above into concrete actions
    throw new io.cucumber.java.PendingException();
}
@When("User clicks on search button")
public void user_clicks_on_search_button() {
    // Write code here that turns the phrase above into concrete actions
    throw new io.cucumber.java.PendingException();
}
@Then("User should see search results")
public void user_should_see_search_results() {
    // Write code here that turns the phrase above into concrete actions
    throw new io.cucumber.java.PendingException();
}

at ✽.User is on the home page(file:///D:/OpenCartAutomationProject/src/test/resources/features/Serach.feature:8)
]]>
            </full-stacktrace>
          </exception> <!-- io.cucumber.testng.UndefinedStepException -->
          <reporter-output>
          </reporter-output>
        </test-method> <!-- runScenario -->
        <test-method signature="runScenario(io.cucumber.testng.PickleWrapper,io.cucumber.testng.FeatureWrapper)[pri:0, instance:runners.TestRunnerClass@1bd4fdd]" started-at="2026-03-07T21:08:11 IST" name="runScenario" description="Runs Cucumber Scenarios" data-provider="scenarios" finished-at="2026-03-07T21:08:12 IST" duration-ms="918" status="FAIL">
          <params>
            <param index="0">
              <value>
                <![CDATA["Search with invalid product name"]]>
              </value>
            </param>
            <param index="1">
              <value>
                <![CDATA["Product Search"]]>
              </value>
            </param>
          </params>
          <exception class="io.cucumber.testng.UndefinedStepException">
            <message>
              <![CDATA[The step 'User is on the home page' and 3 other step(s) are undefined.
You can implement these steps using the snippet(s) below:

@Given("User is on the home page")
public void user_is_on_the_home_page() {
    // Write code here that turns the phrase above into concrete actions
    throw new io.cucumber.java.PendingException();
}
@When("User enters invalid product name")
public void user_enters_invalid_product_name() {
    // Write code here that turns the phrase above into concrete actions
    throw new io.cucumber.java.PendingException();
}
@When("User clicks on search button")
public void user_clicks_on_search_button() {
    // Write code here that turns the phrase above into concrete actions
    throw new io.cucumber.java.PendingException();
}
@Then("User should see no product found message")
public void user_should_see_no_product_found_message() {
    // Write code here that turns the phrase above into concrete actions
    throw new io.cucumber.java.PendingException();
}
]]>
            </message>
            <full-stacktrace>
              <![CDATA[io.cucumber.testng.UndefinedStepException: The step 'User is on the home page' and 3 other step(s) are undefined.
You can implement these steps using the snippet(s) below:

@Given("User is on the home page")
public void user_is_on_the_home_page() {
    // Write code here that turns the phrase above into concrete actions
    throw new io.cucumber.java.PendingException();
}
@When("User enters invalid product name")
public void user_enters_invalid_product_name() {
    // Write code here that turns the phrase above into concrete actions
    throw new io.cucumber.java.PendingException();
}
@When("User clicks on search button")
public void user_clicks_on_search_button() {
    // Write code here that turns the phrase above into concrete actions
    throw new io.cucumber.java.PendingException();
}
@Then("User should see no product found message")
public void user_should_see_no_product_found_message() {
    // Write code here that turns the phrase above into concrete actions
    throw new io.cucumber.java.PendingException();
}

at ✽.User is on the home page(file:///D:/OpenCartAutomationProject/src/test/resources/features/Serach.feature:14)
]]>
            </full-stacktrace>
          </exception> <!-- io.cucumber.testng.UndefinedStepException -->
          <reporter-output>
          </reporter-output>
        </test-method> <!-- runScenario -->
        <test-method signature="runScenario(io.cucumber.testng.PickleWrapper,io.cucumber.testng.FeatureWrapper)[pri:0, instance:runners.TestRunnerClass@1bd4fdd]" started-at="2026-03-07T21:08:12 IST" name="runScenario" description="Runs Cucumber Scenarios" data-provider="scenarios" finished-at="2026-03-07T21:08:13 IST" duration-ms="920" status="FAIL">
          <params>
            <param index="0">
              <value>
                <![CDATA["Add product to cart successfully"]]>
              </value>
            </param>
            <param index="1">
              <value>
                <![CDATA["Add product to cart"]]>
              </value>
            </param>
          </params>
          <exception class="io.cucumber.testng.UndefinedStepException">
            <message>
              <![CDATA[The step 'User is on the home page' and 4 other step(s) are undefined.
You can implement these steps using the snippet(s) below:

@Given("User is on the home page")
public void user_is_on_the_home_page() {
    // Write code here that turns the phrase above into concrete actions
    throw new io.cucumber.java.PendingException();
}
@When("User searches for a product")
public void user_searches_for_a_product() {
    // Write code here that turns the phrase above into concrete actions
    throw new io.cucumber.java.PendingException();
}
@When("User selects the product")
public void user_selects_the_product() {
    // Write code here that turns the phrase above into concrete actions
    throw new io.cucumber.java.PendingException();
}
@When("User clicks on Add to Cart button")
public void user_clicks_on_add_to_cart_button() {
    // Write code here that turns the phrase above into concrete actions
    throw new io.cucumber.java.PendingException();
}
@Then("Product should be added to cart successfully")
public void product_should_be_added_to_cart_successfully() {
    // Write code here that turns the phrase above into concrete actions
    throw new io.cucumber.java.PendingException();
}
]]>
            </message>
            <full-stacktrace>
              <![CDATA[io.cucumber.testng.UndefinedStepException: The step 'User is on the home page' and 4 other step(s) are undefined.
You can implement these steps using the snippet(s) below:

@Given("User is on the home page")
public void user_is_on_the_home_page() {
    // Write code here that turns the phrase above into concrete actions
    throw new io.cucumber.java.PendingException();
}
@When("User searches for a product")
public void user_searches_for_a_product() {
    // Write code here that turns the phrase above into concrete actions
    throw new io.cucumber.java.PendingException();
}
@When("User selects the product")
public void user_selects_the_product() {
    // Write code here that turns the phrase above into concrete actions
    throw new io.cucumber.java.PendingException();
}
@When("User clicks on Add to Cart button")
public void user_clicks_on_add_to_cart_button() {
    // Write code here that turns the phrase above into concrete actions
    throw new io.cucumber.java.PendingException();
}
@Then("Product should be added to cart successfully")
public void product_should_be_added_to_cart_successfully() {
    // Write code here that turns the phrase above into concrete actions
    throw new io.cucumber.java.PendingException();
}

at ✽.User is on the home page(file:///D:/OpenCartAutomationProject/src/test/resources/features/addToCart.feature:8)
]]>
            </full-stacktrace>
          </exception> <!-- io.cucumber.testng.UndefinedStepException -->
          <reporter-output>
          </reporter-output>
        </test-method> <!-- runScenario -->
        <test-method signature="runScenario(io.cucumber.testng.PickleWrapper,io.cucumber.testng.FeatureWrapper)[pri:0, instance:runners.TestRunnerClass@1bd4fdd]" started-at="2026-03-07T21:08:13 IST" name="runScenario" description="Runs Cucumber Scenarios" data-provider="scenarios" finished-at="2026-03-07T21:08:14 IST" duration-ms="985" status="FAIL">
          <params>
            <param index="0">
              <value>
                <![CDATA["Checkout product successfully"]]>
              </value>
            </param>
            <param index="1">
              <value>
                <![CDATA["Checkout functionality"]]>
              </value>
            </param>
          </params>
          <exception class="io.cucumber.testng.UndefinedStepException">
            <message>
              <![CDATA[The step 'User has product in cart' and 4 other step(s) are undefined.
You can implement these steps using the snippet(s) below:

@Given("User has product in cart")
public void user_has_product_in_cart() {
    // Write code here that turns the phrase above into concrete actions
    throw new io.cucumber.java.PendingException();
}
@When("User proceeds to checkout")
public void user_proceeds_to_checkout() {
    // Write code here that turns the phrase above into concrete actions
    throw new io.cucumber.java.PendingException();
}
@When("User enters billing details")
public void user_enters_billing_details() {
    // Write code here that turns the phrase above into concrete actions
    throw new io.cucumber.java.PendingException();
}
@When("User confirms the order")
public void user_confirms_the_order() {
    // Write code here that turns the phrase above into concrete actions
    throw new io.cucumber.java.PendingException();
}
@Then("Order should be placed successfully")
public void order_should_be_placed_successfully() {
    // Write code here that turns the phrase above into concrete actions
    throw new io.cucumber.java.PendingException();
}
]]>
            </message>
            <full-stacktrace>
              <![CDATA[io.cucumber.testng.UndefinedStepException: The step 'User has product in cart' and 4 other step(s) are undefined.
You can implement these steps using the snippet(s) below:

@Given("User has product in cart")
public void user_has_product_in_cart() {
    // Write code here that turns the phrase above into concrete actions
    throw new io.cucumber.java.PendingException();
}
@When("User proceeds to checkout")
public void user_proceeds_to_checkout() {
    // Write code here that turns the phrase above into concrete actions
    throw new io.cucumber.java.PendingException();
}
@When("User enters billing details")
public void user_enters_billing_details() {
    // Write code here that turns the phrase above into concrete actions
    throw new io.cucumber.java.PendingException();
}
@When("User confirms the order")
public void user_confirms_the_order() {
    // Write code here that turns the phrase above into concrete actions
    throw new io.cucumber.java.PendingException();
}
@Then("Order should be placed successfully")
public void order_should_be_placed_successfully() {
    // Write code here that turns the phrase above into concrete actions
    throw new io.cucumber.java.PendingException();
}

at ✽.User has product in cart(file:///D:/OpenCartAutomationProject/src/test/resources/features/checkout.feature:8)
]]>
            </full-stacktrace>
          </exception> <!-- io.cucumber.testng.UndefinedStepException -->
          <reporter-output>
          </reporter-output>
        </test-method> <!-- runScenario -->
        <test-method signature="runScenario(io.cucumber.testng.PickleWrapper,io.cucumber.testng.FeatureWrapper)[pri:0, instance:runners.TestRunnerClass@1bd4fdd]" started-at="2026-03-07T21:08:14 IST" name="runScenario" description="Runs Cucumber Scenarios" data-provider="scenarios" finished-at="2026-03-07T21:08:15 IST" duration-ms="953" status="FAIL">
          <params>
            <param index="0">
              <value>
                <![CDATA["Submit contact form"]]>
              </value>
            </param>
            <param index="1">
              <value>
                <![CDATA["Contact Us form"]]>
              </value>
            </param>
          </params>
          <exception class="io.cucumber.testng.UndefinedStepException">
            <message>
              <![CDATA[The step 'User navigates to Contact Us page' and 3 other step(s) are undefined.
You can implement these steps using the snippet(s) below:

@Given("User navigates to Contact Us page")
public void user_navigates_to_contact_us_page() {
    // Write code here that turns the phrase above into concrete actions
    throw new io.cucumber.java.PendingException();
}
@When("User enters name email and enquiry")
public void user_enters_name_email_and_enquiry() {
    // Write code here that turns the phrase above into concrete actions
    throw new io.cucumber.java.PendingException();
}
@When("User clicks submit button")
public void user_clicks_submit_button() {
    // Write code here that turns the phrase above into concrete actions
    throw new io.cucumber.java.PendingException();
}
@Then("Message should be sent successfully")
public void message_should_be_sent_successfully() {
    // Write code here that turns the phrase above into concrete actions
    throw new io.cucumber.java.PendingException();
}
]]>
            </message>
            <full-stacktrace>
              <![CDATA[io.cucumber.testng.UndefinedStepException: The step 'User navigates to Contact Us page' and 3 other step(s) are undefined.
You can implement these steps using the snippet(s) below:

@Given("User navigates to Contact Us page")
public void user_navigates_to_contact_us_page() {
    // Write code here that turns the phrase above into concrete actions
    throw new io.cucumber.java.PendingException();
}
@When("User enters name email and enquiry")
public void user_enters_name_email_and_enquiry() {
    // Write code here that turns the phrase above into concrete actions
    throw new io.cucumber.java.PendingException();
}
@When("User clicks submit button")
public void user_clicks_submit_button() {
    // Write code here that turns the phrase above into concrete actions
    throw new io.cucumber.java.PendingException();
}
@Then("Message should be sent successfully")
public void message_should_be_sent_successfully() {
    // Write code here that turns the phrase above into concrete actions
    throw new io.cucumber.java.PendingException();
}

at ✽.User navigates to Contact Us page(file:///D:/OpenCartAutomationProject/src/test/resources/features/contactUs.feature:8)
]]>
            </full-stacktrace>
          </exception> <!-- io.cucumber.testng.UndefinedStepException -->
          <reporter-output>
          </reporter-output>
        </test-method> <!-- runScenario -->
        <test-method signature="runScenario(io.cucumber.testng.PickleWrapper,io.cucumber.testng.FeatureWrapper)[pri:0, instance:runners.TestRunnerClass@1bd4fdd]" started-at="2026-03-07T21:08:15 IST" name="runScenario" description="Runs Cucumber Scenarios" data-provider="scenarios" finished-at="2026-03-07T21:08:16 IST" duration-ms="971" status="FAIL">
          <params>
            <param index="0">
              <value>
                <![CDATA["Reset password with registered email"]]>
              </value>
            </param>
            <param index="1">
              <value>
                <![CDATA["Forgot Password Functionality"]]>
              </value>
            </param>
          </params>
          <exception class="io.cucumber.testng.UndefinedStepException">
            <message>
              <![CDATA[The step 'User is on the Forgot Password page' and 3 other step(s) are undefined.
You can implement these steps using the snippet(s) below:

@Given("User is on the Forgot Password page")
public void user_is_on_the_forgot_password_page() {
    // Write code here that turns the phrase above into concrete actions
    throw new io.cucumber.java.PendingException();
}
@When("User enters a registered email address")
public void user_enters_a_registered_email_address() {
    // Write code here that turns the phrase above into concrete actions
    throw new io.cucumber.java.PendingException();
}
@When("User clicks on Continue button")
public void user_clicks_on_continue_button() {
    // Write code here that turns the phrase above into concrete actions
    throw new io.cucumber.java.PendingException();
}
@Then("Password reset confirmation message should be displayed")
public void password_reset_confirmation_message_should_be_displayed() {
    // Write code here that turns the phrase above into concrete actions
    throw new io.cucumber.java.PendingException();
}
]]>
            </message>
            <full-stacktrace>
              <![CDATA[io.cucumber.testng.UndefinedStepException: The step 'User is on the Forgot Password page' and 3 other step(s) are undefined.
You can implement these steps using the snippet(s) below:

@Given("User is on the Forgot Password page")
public void user_is_on_the_forgot_password_page() {
    // Write code here that turns the phrase above into concrete actions
    throw new io.cucumber.java.PendingException();
}
@When("User enters a registered email address")
public void user_enters_a_registered_email_address() {
    // Write code here that turns the phrase above into concrete actions
    throw new io.cucumber.java.PendingException();
}
@When("User clicks on Continue button")
public void user_clicks_on_continue_button() {
    // Write code here that turns the phrase above into concrete actions
    throw new io.cucumber.java.PendingException();
}
@Then("Password reset confirmation message should be displayed")
public void password_reset_confirmation_message_should_be_displayed() {
    // Write code here that turns the phrase above into concrete actions
    throw new io.cucumber.java.PendingException();
}

at ✽.User is on the Forgot Password page(file:///D:/OpenCartAutomationProject/src/test/resources/features/forgetPassword.feature:8)
]]>
            </full-stacktrace>
          </exception> <!-- io.cucumber.testng.UndefinedStepException -->
          <reporter-output>
          </reporter-output>
        </test-method> <!-- runScenario -->
        <test-method signature="runScenario(io.cucumber.testng.PickleWrapper,io.cucumber.testng.FeatureWrapper)[pri:0, instance:runners.TestRunnerClass@1bd4fdd]" started-at="2026-03-07T21:08:16 IST" name="runScenario" description="Runs Cucumber Scenarios" data-provider="scenarios" finished-at="2026-03-07T21:08:17 IST" duration-ms="970" status="FAIL">
          <params>
            <param index="0">
              <value>
                <![CDATA["Reset password with unregistered email"]]>
              </value>
            </param>
            <param index="1">
              <value>
                <![CDATA["Forgot Password Functionality"]]>
              </value>
            </param>
          </params>
          <exception class="io.cucumber.testng.UndefinedStepException">
            <message>
              <![CDATA[The step 'User is on the Forgot Password page' and 3 other step(s) are undefined.
You can implement these steps using the snippet(s) below:

@Given("User is on the Forgot Password page")
public void user_is_on_the_forgot_password_page() {
    // Write code here that turns the phrase above into concrete actions
    throw new io.cucumber.java.PendingException();
}
@When("User enters an unregistered email address")
public void user_enters_an_unregistered_email_address() {
    // Write code here that turns the phrase above into concrete actions
    throw new io.cucumber.java.PendingException();
}
@When("User clicks on Continue button")
public void user_clicks_on_continue_button() {
    // Write code here that turns the phrase above into concrete actions
    throw new io.cucumber.java.PendingException();
}
@Then("Warning message for invalid email should be displayed")
public void warning_message_for_invalid_email_should_be_displayed() {
    // Write code here that turns the phrase above into concrete actions
    throw new io.cucumber.java.PendingException();
}
]]>
            </message>
            <full-stacktrace>
              <![CDATA[io.cucumber.testng.UndefinedStepException: The step 'User is on the Forgot Password page' and 3 other step(s) are undefined.
You can implement these steps using the snippet(s) below:

@Given("User is on the Forgot Password page")
public void user_is_on_the_forgot_password_page() {
    // Write code here that turns the phrase above into concrete actions
    throw new io.cucumber.java.PendingException();
}
@When("User enters an unregistered email address")
public void user_enters_an_unregistered_email_address() {
    // Write code here that turns the phrase above into concrete actions
    throw new io.cucumber.java.PendingException();
}
@When("User clicks on Continue button")
public void user_clicks_on_continue_button() {
    // Write code here that turns the phrase above into concrete actions
    throw new io.cucumber.java.PendingException();
}
@Then("Warning message for invalid email should be displayed")
public void warning_message_for_invalid_email_should_be_displayed() {
    // Write code here that turns the phrase above into concrete actions
    throw new io.cucumber.java.PendingException();
}

at ✽.User is on the Forgot Password page(file:///D:/OpenCartAutomationProject/src/test/resources/features/forgetPassword.feature:8)
]]>
            </full-stacktrace>
          </exception> <!-- io.cucumber.testng.UndefinedStepException -->
          <reporter-output>
          </reporter-output>
        </test-method> <!-- runScenario -->
        <test-method signature="runScenario(io.cucumber.testng.PickleWrapper,io.cucumber.testng.FeatureWrapper)[pri:0, instance:runners.TestRunnerClass@1bd4fdd]" started-at="2026-03-07T21:08:17 IST" name="runScenario" description="Runs Cucumber Scenarios" data-provider="scenarios" finished-at="2026-03-07T21:08:18 IST" duration-ms="901" status="FAIL">
          <params>
            <param index="0">
              <value>
                <![CDATA["Reset password with empty email field"]]>
              </value>
            </param>
            <param index="1">
              <value>
                <![CDATA["Forgot Password Functionality"]]>
              </value>
            </param>
          </params>
          <exception class="io.cucumber.testng.UndefinedStepException">
            <message>
              <![CDATA[The step 'User is on the Forgot Password page' and 3 other step(s) are undefined.
You can implement these steps using the snippet(s) below:

@Given("User is on the Forgot Password page")
public void user_is_on_the_forgot_password_page() {
    // Write code here that turns the phrase above into concrete actions
    throw new io.cucumber.java.PendingException();
}
@When("User leaves the email field blank")
public void user_leaves_the_email_field_blank() {
    // Write code here that turns the phrase above into concrete actions
    throw new io.cucumber.java.PendingException();
}
@When("User clicks on Continue button")
public void user_clicks_on_continue_button() {
    // Write code here that turns the phrase above into concrete actions
    throw new io.cucumber.java.PendingException();
}
@Then("Email required validation message should be displayed")
public void email_required_validation_message_should_be_displayed() {
    // Write code here that turns the phrase above into concrete actions
    throw new io.cucumber.java.PendingException();
}
]]>
            </message>
            <full-stacktrace>
              <![CDATA[io.cucumber.testng.UndefinedStepException: The step 'User is on the Forgot Password page' and 3 other step(s) are undefined.
You can implement these steps using the snippet(s) below:

@Given("User is on the Forgot Password page")
public void user_is_on_the_forgot_password_page() {
    // Write code here that turns the phrase above into concrete actions
    throw new io.cucumber.java.PendingException();
}
@When("User leaves the email field blank")
public void user_leaves_the_email_field_blank() {
    // Write code here that turns the phrase above into concrete actions
    throw new io.cucumber.java.PendingException();
}
@When("User clicks on Continue button")
public void user_clicks_on_continue_button() {
    // Write code here that turns the phrase above into concrete actions
    throw new io.cucumber.java.PendingException();
}
@Then("Email required validation message should be displayed")
public void email_required_validation_message_should_be_displayed() {
    // Write code here that turns the phrase above into concrete actions
    throw new io.cucumber.java.PendingException();
}

at ✽.User is on the Forgot Password page(file:///D:/OpenCartAutomationProject/src/test/resources/features/forgetPassword.feature:8)
]]>
            </full-stacktrace>
          </exception> <!-- io.cucumber.testng.UndefinedStepException -->
          <reporter-output>
          </reporter-output>
        </test-method> <!-- runScenario -->
        <test-method signature="runScenario(io.cucumber.testng.PickleWrapper,io.cucumber.testng.FeatureWrapper)[pri:0, instance:runners.TestRunnerClass@1bd4fdd]" started-at="2026-03-07T21:08:18 IST" name="runScenario" description="Runs Cucumber Scenarios" data-provider="scenarios" finished-at="2026-03-07T21:08:19 IST" duration-ms="948" status="FAIL">
          <params>
            <param index="0">
              <value>
                <![CDATA["Navigate back to login page"]]>
              </value>
            </param>
            <param index="1">
              <value>
                <![CDATA["Forgot Password Functionality"]]>
              </value>
            </param>
          </params>
          <exception class="io.cucumber.testng.UndefinedStepException">
            <message>
              <![CDATA[The step 'User is on the Forgot Password page' and 2 other step(s) are undefined.
You can implement these steps using the snippet(s) below:

@Given("User is on the Forgot Password page")
public void user_is_on_the_forgot_password_page() {
    // Write code here that turns the phrase above into concrete actions
    throw new io.cucumber.java.PendingException();
}
@When("User clicks on Back button")
public void user_clicks_on_back_button() {
    // Write code here that turns the phrase above into concrete actions
    throw new io.cucumber.java.PendingException();
}
@Then("User should be navigated to Login page")
public void user_should_be_navigated_to_login_page() {
    // Write code here that turns the phrase above into concrete actions
    throw new io.cucumber.java.PendingException();
}
]]>
            </message>
            <full-stacktrace>
              <![CDATA[io.cucumber.testng.UndefinedStepException: The step 'User is on the Forgot Password page' and 2 other step(s) are undefined.
You can implement these steps using the snippet(s) below:

@Given("User is on the Forgot Password page")
public void user_is_on_the_forgot_password_page() {
    // Write code here that turns the phrase above into concrete actions
    throw new io.cucumber.java.PendingException();
}
@When("User clicks on Back button")
public void user_clicks_on_back_button() {
    // Write code here that turns the phrase above into concrete actions
    throw new io.cucumber.java.PendingException();
}
@Then("User should be navigated to Login page")
public void user_should_be_navigated_to_login_page() {
    // Write code here that turns the phrase above into concrete actions
    throw new io.cucumber.java.PendingException();
}

at ✽.User is on the Forgot Password page(file:///D:/OpenCartAutomationProject/src/test/resources/features/forgetPassword.feature:8)
]]>
            </full-stacktrace>
          </exception> <!-- io.cucumber.testng.UndefinedStepException -->
          <reporter-output>
          </reporter-output>
        </test-method> <!-- runScenario -->
        <test-method signature="runScenario(io.cucumber.testng.PickleWrapper,io.cucumber.testng.FeatureWrapper)[pri:0, instance:runners.TestRunnerClass@1bd4fdd]" started-at="2026-03-07T21:08:19 IST" name="runScenario" description="Runs Cucumber Scenarios" data-provider="scenarios" finished-at="2026-03-07T21:08:20 IST" duration-ms="1129" status="FAIL">
          <params>
            <param index="0">
              <value>
                <![CDATA["Compare two products"]]>
              </value>
            </param>
            <param index="1">
              <value>
                <![CDATA["Product comparison"]]>
              </value>
            </param>
          </params>
          <exception class="io.cucumber.testng.UndefinedStepException">
            <message>
              <![CDATA[The step 'User is on home page' and 4 other step(s) are undefined.
You can implement these steps using the snippet(s) below:

@Given("User is on home page")
public void user_is_on_home_page() {
    // Write code here that turns the phrase above into concrete actions
    throw new io.cucumber.java.PendingException();
}
@When("User adds first product to compare")
public void user_adds_first_product_to_compare() {
    // Write code here that turns the phrase above into concrete actions
    throw new io.cucumber.java.PendingException();
}
@When("User adds second product to compare")
public void user_adds_second_product_to_compare() {
    // Write code here that turns the phrase above into concrete actions
    throw new io.cucumber.java.PendingException();
}
@When("User navigates to product comparison page")
public void user_navigates_to_product_comparison_page() {
    // Write code here that turns the phrase above into concrete actions
    throw new io.cucumber.java.PendingException();
}
@Then("Both products should be displayed for comparison")
public void both_products_should_be_displayed_for_comparison() {
    // Write code here that turns the phrase above into concrete actions
    throw new io.cucumber.java.PendingException();
}
]]>
            </message>
            <full-stacktrace>
              <![CDATA[io.cucumber.testng.UndefinedStepException: The step 'User is on home page' and 4 other step(s) are undefined.
You can implement these steps using the snippet(s) below:

@Given("User is on home page")
public void user_is_on_home_page() {
    // Write code here that turns the phrase above into concrete actions
    throw new io.cucumber.java.PendingException();
}
@When("User adds first product to compare")
public void user_adds_first_product_to_compare() {
    // Write code here that turns the phrase above into concrete actions
    throw new io.cucumber.java.PendingException();
}
@When("User adds second product to compare")
public void user_adds_second_product_to_compare() {
    // Write code here that turns the phrase above into concrete actions
    throw new io.cucumber.java.PendingException();
}
@When("User navigates to product comparison page")
public void user_navigates_to_product_comparison_page() {
    // Write code here that turns the phrase above into concrete actions
    throw new io.cucumber.java.PendingException();
}
@Then("Both products should be displayed for comparison")
public void both_products_should_be_displayed_for_comparison() {
    // Write code here that turns the phrase above into concrete actions
    throw new io.cucumber.java.PendingException();
}

at ✽.User is on home page(file:///D:/OpenCartAutomationProject/src/test/resources/features/productComparison.feature:8)
]]>
            </full-stacktrace>
          </exception> <!-- io.cucumber.testng.UndefinedStepException -->
          <reporter-output>
          </reporter-output>
        </test-method> <!-- runScenario -->
        <test-method signature="runScenario(io.cucumber.testng.PickleWrapper,io.cucumber.testng.FeatureWrapper)[pri:0, instance:runners.TestRunnerClass@1bd4fdd]" started-at="2026-03-07T21:08:20 IST" name="runScenario" description="Runs Cucumber Scenarios" data-provider="scenarios" finished-at="2026-03-07T21:08:21 IST" duration-ms="1046" status="FAIL">
          <params>
            <param index="0">
              <value>
                <![CDATA["Remove product from cart"]]>
              </value>
            </param>
            <param index="1">
              <value>
                <![CDATA["Remove product from cart"]]>
              </value>
            </param>
          </params>
          <exception class="io.cucumber.testng.UndefinedStepException">
            <message>
              <![CDATA[The step 'User has product in the cart' and 3 other step(s) are undefined.
You can implement these steps using the snippet(s) below:

@Given("User has product in the cart")
public void user_has_product_in_the_cart() {
    // Write code here that turns the phrase above into concrete actions
    throw new io.cucumber.java.PendingException();
}
@When("User navigates to cart page")
public void user_navigates_to_cart_page() {
    // Write code here that turns the phrase above into concrete actions
    throw new io.cucumber.java.PendingException();
}
@When("User clicks remove button")
public void user_clicks_remove_button() {
    // Write code here that turns the phrase above into concrete actions
    throw new io.cucumber.java.PendingException();
}
@Then("Product should be removed from cart")
public void product_should_be_removed_from_cart() {
    // Write code here that turns the phrase above into concrete actions
    throw new io.cucumber.java.PendingException();
}
]]>
            </message>
            <full-stacktrace>
              <![CDATA[io.cucumber.testng.UndefinedStepException: The step 'User has product in the cart' and 3 other step(s) are undefined.
You can implement these steps using the snippet(s) below:

@Given("User has product in the cart")
public void user_has_product_in_the_cart() {
    // Write code here that turns the phrase above into concrete actions
    throw new io.cucumber.java.PendingException();
}
@When("User navigates to cart page")
public void user_navigates_to_cart_page() {
    // Write code here that turns the phrase above into concrete actions
    throw new io.cucumber.java.PendingException();
}
@When("User clicks remove button")
public void user_clicks_remove_button() {
    // Write code here that turns the phrase above into concrete actions
    throw new io.cucumber.java.PendingException();
}
@Then("Product should be removed from cart")
public void product_should_be_removed_from_cart() {
    // Write code here that turns the phrase above into concrete actions
    throw new io.cucumber.java.PendingException();
}

at ✽.User has product in the cart(file:///D:/OpenCartAutomationProject/src/test/resources/features/removeFromCart.feature:8)
]]>
            </full-stacktrace>
          </exception> <!-- io.cucumber.testng.UndefinedStepException -->
          <reporter-output>
          </reporter-output>
        </test-method> <!-- runScenario -->
        <test-method signature="runScenario(io.cucumber.testng.PickleWrapper,io.cucumber.testng.FeatureWrapper)[pri:0, instance:runners.TestRunnerClass@1bd4fdd]" started-at="2026-03-07T21:08:21 IST" name="runScenario" description="Runs Cucumber Scenarios" data-provider="scenarios" finished-at="2026-03-07T21:08:22 IST" duration-ms="874" status="FAIL">
          <params>
            <param index="0">
              <value>
                <![CDATA["Add product to wishlist"]]>
              </value>
            </param>
            <param index="1">
              <value>
                <![CDATA["Add product to wishlist"]]>
              </value>
            </param>
          </params>
          <exception class="io.cucumber.testng.UndefinedStepException">
            <message>
              <![CDATA[The step 'User is logged into the application' and 3 other step(s) are undefined.
You can implement these steps using the snippet(s) below:

@Given("User is logged into the application")
public void user_is_logged_into_the_application() {
    // Write code here that turns the phrase above into concrete actions
    throw new io.cucumber.java.PendingException();
}
@When("User searches for a product")
public void user_searches_for_a_product() {
    // Write code here that turns the phrase above into concrete actions
    throw new io.cucumber.java.PendingException();
}
@When("User clicks on Add to Wishlist")
public void user_clicks_on_add_to_wishlist() {
    // Write code here that turns the phrase above into concrete actions
    throw new io.cucumber.java.PendingException();
}
@Then("Product should be added to wishlist")
public void product_should_be_added_to_wishlist() {
    // Write code here that turns the phrase above into concrete actions
    throw new io.cucumber.java.PendingException();
}
]]>
            </message>
            <full-stacktrace>
              <![CDATA[io.cucumber.testng.UndefinedStepException: The step 'User is logged into the application' and 3 other step(s) are undefined.
You can implement these steps using the snippet(s) below:

@Given("User is logged into the application")
public void user_is_logged_into_the_application() {
    // Write code here that turns the phrase above into concrete actions
    throw new io.cucumber.java.PendingException();
}
@When("User searches for a product")
public void user_searches_for_a_product() {
    // Write code here that turns the phrase above into concrete actions
    throw new io.cucumber.java.PendingException();
}
@When("User clicks on Add to Wishlist")
public void user_clicks_on_add_to_wishlist() {
    // Write code here that turns the phrase above into concrete actions
    throw new io.cucumber.java.PendingException();
}
@Then("Product should be added to wishlist")
public void product_should_be_added_to_wishlist() {
    // Write code here that turns the phrase above into concrete actions
    throw new io.cucumber.java.PendingException();
}

at ✽.User is logged into the application(file:///D:/OpenCartAutomationProject/src/test/resources/features/wishlist.feature:8)
]]>
            </full-stacktrace>
          </exception> <!-- io.cucumber.testng.UndefinedStepException -->
          <reporter-output>
          </reporter-output>
        </test-method> <!-- runScenario -->
        <test-method is-config="true" signature="tearDownClass()[pri:0, instance:runners.TestRunnerClass@1bd4fdd]" started-at="2026-03-07T21:08:22 IST" name="tearDownClass" finished-at="2026-03-07T21:08:22 IST" duration-ms="313" status="PASS">
          <reporter-output>
          </reporter-output>
        </test-method> <!-- tearDownClass -->
      </class> <!-- runners.TestRunnerClass -->
    </test> <!-- Surefire test -->
  </suite> <!-- Surefire suite -->
</testng-results>
