<?xml version="1.0" encoding="UTF-8"?>
<testsuite xmlns:xsi="http://www.w3.org/2001/XMLSchema-instance" xsi:noNamespaceSchemaLocation="https://maven.apache.org/surefire/maven-surefire-plugin/xsd/surefire-test-report-3.0.xsd" version="3.0" name="runners.TestRunnerClass" time="26.212" tests="14" errors="0" skipped="0" failures="13">
  <properties>
[...]
</properties>
  <testcase name="runScenario[&quot;Login with valid credentials&quot;, &quot;Login functionality&quot;](1)" classname="runners.TestRunnerClass" time="11.471">
    <system-out><![CDATA[
@Smoke
&amp#27;[1mScenario:&amp#27;[22m Login with valid credentials                                        &amp#27;[90m# src/test/resources/features/Login.feature:11&amp#27;[39m
  &amp#27;[32m✔&amp#27;[39m &amp#27;[32m&amp#27;[1mGiven &amp#27;[22muser is on the OpenCart login page&amp#27;[39m                                  &amp#27;[90m# stepdefinitions.LoginSteps.user_is_on_the_open_cart_login_page()&amp#27;[39m
  &amp#27;[32m✔&amp#27;[39m &amp#27;[32m&amp#27;[1mWhen &amp#27;[22muser enters email &amp#27;[1m"snehasuchi43@gmail.com"&amp#27;[22m and password &amp#27;[1m"Suchi@1022"&amp#27;[22m&amp#27;[39m &amp#27;[90m# stepdefinitions.LoginSteps.user_enters_email_and_password(java.lang.String,java.lang.String)&amp#27;[39m
  &amp#27;[32m✔&amp#27;[39m &amp#27;[32m&amp#27;[1mAnd &amp#27;[22muser clicks on Login button&amp#27;[39m                                           &amp#27;[90m# stepdefinitions.LoginSteps.user_clicks_on_login_button()&amp#27;[39m
  &amp#27;[32m✔&amp#27;[39m &amp#27;[32m&amp#27;[1mThen &amp#27;[22muser should be redirected to My Account page&amp#27;[39m                         &amp#27;[90m# stepdefinitions.LoginSteps.user_should_be_redirected_to_my_account_page()&amp#27;[39m
]]></system-out>
    <system-err><![CDATA[SLF4J(W): No SLF4J providers were found.
SLF4J(W): Defaulting to no-operation (NOP) logger implementation
SLF4J(W): See https://www.slf4j.org/codes.html#noProviders for further details.
Mar 07, 2026 9:08:07 PM org.openqa.selenium.devtools.CdpVersionFinder findNearestMatch
WARNING: Unable to find CDP implementation matching 145
Mar 07, 2026 9:08:07 PM org.openqa.selenium.chromium.ChromiumDriver lambda$new$4
WARNING: Unable to find version of CDP to use for 145.0.7632.160. You may need to include a dependency on a specific version of the CDP using something similar to `org.seleniumhq.selenium:selenium-devtools-v86:4.35.0` where the version ("v86") matches the version of the chromium-based browser you're using and the version number of the artifact is the same as Selenium's.
]]></system-err>
  </testcase>
  <testcase name="runScenario[&quot;Successful account registration&quot;, &quot;Register a new Account&quot;](2)" classname="runners.TestRunnerClass" time="1.098">
    <failure message="The step &apos;the user is on the Qafox.com registration page&apos; and 5 other step(s) are undefined.&#10;You can implement these steps using the snippet(s) below:&#10;&#10;@Given(&quot;the user is on the Qafox.com registration page&quot;)&#10;public void the_user_is_on_the_qafox_com_registration_page() {&#10;    // Write code here that turns the phrase above into concrete actions&#10;    throw new io.cucumber.java.PendingException();&#10;}&#10;@When(&quot;the user enters personal details:&quot;)&#10;public void the_user_enters_personal_details(io.cucumber.datatable.DataTable dataTable) {&#10;    // Write code here that turns the phrase above into concrete actions&#10;    // For automatic transformation, change DataTable to one of&#10;    // E, List&lt;E&gt;, List&lt;List&lt;E&gt;&gt;, List&lt;Map&lt;K,V&gt;&gt;, Map&lt;K,V&gt; or&#10;    // Map&lt;K, List&lt;V&gt;&gt;. E,K,V must be a String, Integer, Float,&#10;    // Double, Byte, Short, Long, BigInteger or BigDecimal.&#10;    //&#10;    // For other transformations you can register a DataTableType.&#10;    throw new io.cucumber.java.PendingException();&#10;}&#10;@When(&quot;the user agrees to the Privacy Policy&quot;)&#10;public void the_user_agrees_to_the_privacy_policy() {&#10;    // Write code here that turns the phrase above into concrete actions&#10;    throw new io.cucumber.java.PendingException();&#10;}&#10;@When(&quot;the user clicks on {string} button&quot;)&#10;public void the_user_clicks_on_button(String string) {&#10;    // Write code here that turns the phrase above into concrete actions&#10;    throw new io.cucumber.java.PendingException();&#10;}&#10;@Then(&quot;the user should see the success message {string}&quot;)&#10;public void the_user_should_see_the_success_message(String string) {&#10;    // Write code here that turns the phrase above into concrete actions&#10;    throw new io.cucumber.java.PendingException();&#10;}&#10;@Then(&quot;a screenshot is taken with name {string}&quot;)&#10;public void a_screenshot_is_taken_with_name(String string) {&#10;    // Write code here that turns the phrase above into concrete actions&#10;    throw new io.cucumber.java.PendingException();&#10;}&#10;" type="io.cucumber.testng.UndefinedStepException"><![CDATA[io.cucumber.testng.UndefinedStepException: 
The step 'the user is on the Qafox.com registration page' and 5 other step(s) are undefined.
You can implement these steps using the snippet(s) below:

@Given("the user is on the Qafox.com registration page")
public void the_user_is_on_the_qafox_com_registration_page() {
    // Write code here that turns the phrase above into concrete actions
    throw new io.cucumber.java.PendingException();
}
@When("the user enters personal details:")
public void the_user_enters_personal_details(io.cucumber.datatable.DataTable dataTable) {
    // Write code here that turns the phrase above into concrete actions
    // For automatic transformation, change DataTable to one of
    // E, List<E>, List<List<E>>, List<Map<K,V>>, Map<K,V> or
    // Map<K, List<V>>. E,K,V must be a String, Integer, Float,
    // Double, Byte, Short, Long, BigInteger or BigDecimal.
    //
    // For other transformations you can register a DataTableType.
    throw new io.cucumber.java.PendingException();
}
@When("the user agrees to the Privacy Policy")
public void the_user_agrees_to_the_privacy_policy() {
    // Write code here that turns the phrase above into concrete actions
    throw new io.cucumber.java.PendingException();
}
@When("the user clicks on {string} button")
public void the_user_clicks_on_button(String string) {
    // Write code here that turns the phrase above into concrete actions
    throw new io.cucumber.java.PendingException();
}
@Then("the user should see the success message {string}")
public void the_user_should_see_the_success_message(String string) {
    // Write code here that turns the phrase above into concrete actions
    throw new io.cucumber.java.PendingException();
}
@Then("a screenshot is taken with name {string}")
public void a_screenshot_is_taken_with_name(String string) {
    // Write code here that turns the phrase above into concrete actions
    throw new io.cucumber.java.PendingException();
}

	at ✽.the user is on the Qafox.com registration page(file:///D:/OpenCartAutomationProject/src/test/resources/features/RegisterAccount.feature:8)
]]></failure>
    <system-out><![CDATA[
&amp#27;[1mScenario:&amp#27;[22m Successful account registration                                         &amp#27;[90m# src/test/resources/features/RegisterAccount.feature:10&amp#27;[39m
  &amp#27;[33m■&amp#27;[39m &amp#27;[33m&amp#27;[1mGiven &amp#27;[22mthe user is on the Qafox.com registration page&amp#27;[39m
  &amp#27;[36m↷&amp#27;[39m &amp#27;[36m&amp#27;[1mWhen &amp#27;[22mthe user enters personal details:&amp#27;[39m
      | First Name | Last Name | Password   |
      | Sneha      | Sharma    | Test@123   |
      | ariana     | grande    | Ariana@123 |
  &amp#27;[36m↷&amp#27;[39m &amp#27;[36m&amp#27;[1mAnd &amp#27;[22mthe user agrees to the Privacy Policy&amp#27;[39m
  &amp#27;[36m↷&amp#27;[39m &amp#27;[36m&amp#27;[1mAnd &amp#27;[22mthe user clicks on "Register" button&amp#27;[39m
  &amp#27;[36m↷&amp#27;[39m &amp#27;[36m&amp#27;[1mThen &amp#27;[22mthe user should see the success message "Your Account Has Been Created!"&amp#27;[39m
  &amp#27;[36m↷&amp#27;[39m &amp#27;[36m&amp#27;[1mAnd &amp#27;[22ma screenshot is taken with name "AccountRegistration"&amp#27;[39m
]]></system-out>
    <system-err><![CDATA[Mar 07, 2026 9:08:10 PM org.openqa.selenium.devtools.CdpVersionFinder findNearestMatch
WARNING: Unable to find CDP implementation matching 145
Mar 07, 2026 9:08:10 PM org.openqa.selenium.chromium.ChromiumDriver lambda$new$4
WARNING: Unable to find version of CDP to use for 145.0.7632.160. You may need to include a dependency on a specific version of the CDP using something similar to `org.seleniumhq.selenium:selenium-devtools-v86:4.35.0` where the version ("v86") matches the version of the chromium-based browser you're using and the version number of the artifact is the same as Selenium's.
]]></system-err>
  </testcase>
  <testcase name="runScenario[&quot;Search with valid product name&quot;, &quot;Product Search&quot;](3)" classname="runners.TestRunnerClass" time="0.909">
    <failure message="The step &apos;User is on the home page&apos; and 3 other step(s) are undefined.&#10;You can implement these steps using the snippet(s) below:&#10;&#10;@Given(&quot;User is on the home page&quot;)&#10;public void user_is_on_the_home_page() {&#10;    // Write code here that turns the phrase above into concrete actions&#10;    throw new io.cucumber.java.PendingException();&#10;}&#10;@When(&quot;User enters product name in search box&quot;)&#10;public void user_enters_product_name_in_search_box() {&#10;    // Write code here that turns the phrase above into concrete actions&#10;    throw new io.cucumber.java.PendingException();&#10;}&#10;@When(&quot;User clicks on search button&quot;)&#10;public void user_clicks_on_search_button() {&#10;    // Write code here that turns the phrase above into concrete actions&#10;    throw new io.cucumber.java.PendingException();&#10;}&#10;@Then(&quot;User should see search results&quot;)&#10;public void user_should_see_search_results() {&#10;    // Write code here that turns the phrase above into concrete actions&#10;    throw new io.cucumber.java.PendingException();&#10;}&#10;" type="io.cucumber.testng.UndefinedStepException"><![CDATA[io.cucumber.testng.UndefinedStepException: 
The step 'User is on the home page' and 3 other step(s) are undefined.
You can implement these steps using the snippet(s) below:

@Given("User is on the home page")
public void user_is_on_the_home_page() {
    // Write code here that turns the phrase above into concrete actions
    throw new io.cucumber.java.PendingException();
}
@When("User enters product name in search box")
public void user_enters_product_name_in_search_box() {
    // Write code here that turns the phrase above into concrete actions
    throw new io.cucumber.java.PendingException();
}
@When("User clicks on search button")
public void user_clicks_on_search_button() {
    // Write code here that turns the phrase above into concrete actions
    throw new io.cucumber.java.PendingException();
}
@Then("User should see search results")
public void user_should_see_search_results() {
    // Write code here that turns the phrase above into concrete actions
    throw new io.cucumber.java.PendingException();
}

	at ✽.User is on the home page(file:///D:/OpenCartAutomationProject/src/test/resources/features/Serach.feature:8)
]]></failure>
    <system-out><![CDATA[
&amp#27;[1mScenario:&amp#27;[22m Search with valid product name        &amp#27;[90m# src/test/resources/features/Serach.feature:7&amp#27;[39m
  &amp#27;[33m■&amp#27;[39m &amp#27;[33m&amp#27;[1mGiven &amp#27;[22mUser is on the home page&amp#27;[39m
  &amp#27;[36m↷&amp#27;[39m &amp#27;[36m&amp#27;[1mWhen &amp#27;[22mUser enters product name in search box&amp#27;[39m
  &amp#27;[36m↷&amp#27;[39m &amp#27;[36m&amp#27;[1mAnd &amp#27;[22mUser clicks on search button&amp#27;[39m
  &amp#27;[36m↷&amp#27;[39m &amp#27;[36m&amp#27;[1mThen &amp#27;[22mUser should see search results&amp#27;[39m
]]></system-out>
    <system-err><![CDATA[Mar 07, 2026 9:08:11 PM org.openqa.selenium.devtools.CdpVersionFinder findNearestMatch
WARNING: Unable to find CDP implementation matching 145
Mar 07, 2026 9:08:11 PM org.openqa.selenium.chromium.ChromiumDriver lambda$new$4
WARNING: Unable to find version of CDP to use for 145.0.7632.160. You may need to include a dependency on a specific version of the CDP using something similar to `org.seleniumhq.selenium:selenium-devtools-v86:4.35.0` where the version ("v86") matches the version of the chromium-based browser you're using and the version number of the artifact is the same as Selenium's.
]]></system-err>
  </testcase>
  <testcase name="runScenario[&quot;Search with invalid product name&quot;, &quot;Product Search&quot;](4)" classname="runners.TestRunnerClass" time="0.918">
    <failure message="The step &apos;User is on the home page&apos; and 3 other step(s) are undefined.&#10;You can implement these steps using the snippet(s) below:&#10;&#10;@Given(&quot;User is on the home page&quot;)&#10;public void user_is_on_the_home_page() {&#10;    // Write code here that turns the phrase above into concrete actions&#10;    throw new io.cucumber.java.PendingException();&#10;}&#10;@When(&quot;User enters invalid product name&quot;)&#10;public void user_enters_invalid_product_name() {&#10;    // Write code here that turns the phrase above into concrete actions&#10;    throw new io.cucumber.java.PendingException();&#10;}&#10;@When(&quot;User clicks on search button&quot;)&#10;public void user_clicks_on_search_button() {&#10;    // Write code here that turns the phrase above into concrete actions&#10;    throw new io.cucumber.java.PendingException();&#10;}&#10;@Then(&quot;User should see no product found message&quot;)&#10;public void user_should_see_no_product_found_message() {&#10;    // Write code here that turns the phrase above into concrete actions&#10;    throw new io.cucumber.java.PendingException();&#10;}&#10;" type="io.cucumber.testng.UndefinedStepException"><![CDATA[io.cucumber.testng.UndefinedStepException: 
The step 'User is on the home page' and 3 other step(s) are undefined.
You can implement these steps using the snippet(s) below:

@Given("User is on the home page")
public void user_is_on_the_home_page() {
    // Write code here that turns the phrase above into concrete actions
    throw new io.cucumber.java.PendingException();
}
@When("User enters invalid product name")
public void user_enters_invalid_product_name() {
    // Write code here that turns the phrase above into concrete actions
    throw new io.cucumber.java.PendingException();
}
@When("User clicks on search button")
public void user_clicks_on_search_button() {
    // Write code here that turns the phrase above into concrete actions
    throw new io.cucumber.java.PendingException();
}
@Then("User should see no product found message")
public void user_should_see_no_product_found_message() {
    // Write code here that turns the phrase above into concrete actions
    throw new io.cucumber.java.PendingException();
}

	at ✽.User is on the home page(file:///D:/OpenCartAutomationProject/src/test/resources/features/Serach.feature:14)
]]></failure>
    <system-out><![CDATA[
&amp#27;[1mScenario:&amp#27;[22m Search with invalid product name        &amp#27;[90m# src/test/resources/features/Serach.feature:13&amp#27;[39m
  &amp#27;[33m■&amp#27;[39m &amp#27;[33m&amp#27;[1mGiven &amp#27;[22mUser is on the home page&amp#27;[39m
  &amp#27;[36m↷&amp#27;[39m &amp#27;[36m&amp#27;[1mWhen &amp#27;[22mUser enters invalid product name&amp#27;[39m
  &amp#27;[36m↷&amp#27;[39m &amp#27;[36m&amp#27;[1mAnd &amp#27;[22mUser clicks on search button&amp#27;[39m
  &amp#27;[36m↷&amp#27;[39m &amp#27;[36m&amp#27;[1mThen &amp#27;[22mUser should see no product found message&amp#27;[39m
]]></system-out>
    <system-err><![CDATA[Mar 07, 2026 9:08:12 PM org.openqa.selenium.devtools.CdpVersionFinder findNearestMatch
WARNING: Unable to find CDP implementation matching 145
Mar 07, 2026 9:08:12 PM org.openqa.selenium.chromium.ChromiumDriver lambda$new$4
WARNING: Unable to find version of CDP to use for 145.0.7632.160. You may need to include a dependency on a specific version of the CDP using something similar to `org.seleniumhq.selenium:selenium-devtools-v86:4.35.0` where the version ("v86") matches the version of the chromium-based browser you're using and the version number of the artifact is the same as Selenium's.
]]></system-err>
  </testcase>
  <testcase name="runScenario[&quot;Add product to cart successfully&quot;, &quot;Add product to cart&quot;](5)" classname="runners.TestRunnerClass" time="0.92">
    <failure message="The step &apos;User is on the home page&apos; and 4 other step(s) are undefined.&#10;You can implement these steps using the snippet(s) below:&#10;&#10;@Given(&quot;User is on the home page&quot;)&#10;public void user_is_on_the_home_page() {&#10;    // Write code here that turns the phrase above into concrete actions&#10;    throw new io.cucumber.java.PendingException();&#10;}&#10;@When(&quot;User searches for a product&quot;)&#10;public void user_searches_for_a_product() {&#10;    // Write code here that turns the phrase above into concrete actions&#10;    throw new io.cucumber.java.PendingException();&#10;}&#10;@When(&quot;User selects the product&quot;)&#10;public void user_selects_the_product() {&#10;    // Write code here that turns the phrase above into concrete actions&#10;    throw new io.cucumber.java.PendingException();&#10;}&#10;@When(&quot;User clicks on Add to Cart button&quot;)&#10;public void user_clicks_on_add_to_cart_button() {&#10;    // Write code here that turns the phrase above into concrete actions&#10;    throw new io.cucumber.java.PendingException();&#10;}&#10;@Then(&quot;Product should be added to cart successfully&quot;)&#10;public void product_should_be_added_to_cart_successfully() {&#10;    // Write code here that turns the phrase above into concrete actions&#10;    throw new io.cucumber.java.PendingException();&#10;}&#10;" type="io.cucumber.testng.UndefinedStepException"><![CDATA[io.cucumber.testng.UndefinedStepException: 
The step 'User is on the home page' and 4 other step(s) are undefined.
You can implement these steps using the snippet(s) below:

@Given("User is on the home page")
public void user_is_on_the_home_page() {
    // Write code here that turns the phrase above into concrete actions
    throw new io.cucumber.java.PendingException();
}
@When("User searches for a product")
public void user_searches_for_a_product() {
    // Write code here that turns the phrase above into concrete actions
    throw new io.cucumber.java.PendingException();
}
@When("User selects the product")
public void user_selects_the_product() {
    // Write code here that turns the phrase above into concrete actions
    throw new io.cucumber.java.PendingException();
}
@When("User clicks on Add to Cart button")
public void user_clicks_on_add_to_cart_button() {
    // Write code here that turns the phrase above into concrete actions
    throw new io.cucumber.java.PendingException();
}
@Then("Product should be added to cart successfully")
public void product_should_be_added_to_cart_successfully() {
    // Write code here that turns the phrase above into concrete actions
    throw new io.cucumber.java.PendingException();
}

	at ✽.User is on the home page(file:///D:/OpenCartAutomationProject/src/test/resources/features/addToCart.feature:8)
]]></failure>
    <system-out><![CDATA[
&amp#27;[1mScenario:&amp#27;[22m Add product to cart successfully            &amp#27;[90m# src/test/resources/features/addToCart.feature:7&amp#27;[39m
  &amp#27;[33m■&amp#27;[39m &amp#27;[33m&amp#27;[1mGiven &amp#27;[22mUser is on the home page&amp#27;[39m
  &amp#27;[36m↷&amp#27;[39m &amp#27;[36m&amp#27;[1mWhen &amp#27;[22mUser searches for a product&amp#27;[39m
  &amp#27;[36m↷&amp#27;[39m &amp#27;[36m&amp#27;[1mAnd &amp#27;[22mUser selects the product&amp#27;[39m
  &amp#27;[36m↷&amp#27;[39m &amp#27;[36m&amp#27;[1mAnd &amp#27;[22mUser clicks on Add to Cart button&amp#27;[39m
  &amp#27;[36m↷&amp#27;[39m &amp#27;[36m&amp#27;[1mThen &amp#27;[22mProduct should be added to cart successfully&amp#27;[39m
]]></system-out>
    <system-err><![CDATA[Mar 07, 2026 9:08:13 PM org.openqa.selenium.devtools.CdpVersionFinder findNearestMatch
WARNING: Unable to find CDP implementation matching 145
Mar 07, 2026 9:08:13 PM org.openqa.selenium.chromium.ChromiumDriver lambda$new$4
WARNING: Unable to find version of CDP to use for 145.0.7632.160. You may need to include a dependency on a specific version of the CDP using something similar to `org.seleniumhq.selenium:selenium-devtools-v86:4.35.0` where the version ("v86") matches the version of the chromium-based browser you're using and the version number of the artifact is the same as Selenium's.
]]></system-err>
  </testcase>
  <testcase name="runScenario[&quot;Checkout product successfully&quot;, &quot;Checkout functionality&quot;](6)" classname="runners.TestRunnerClass" time="0.985">
    <failure message="The step &apos;User has product in cart&apos; and 4 other step(s) are undefined.&#10;You can implement these steps using the snippet(s) below:&#10;&#10;@Given(&quot;User has product in cart&quot;)&#10;public void user_has_product_in_cart() {&#10;    // Write code here that turns the phrase above into concrete actions&#10;    throw new io.cucumber.java.PendingException();&#10;}&#10;@When(&quot;User proceeds to checkout&quot;)&#10;public void user_proceeds_to_checkout() {&#10;    // Write code here that turns the phrase above into concrete actions&#10;    throw new io.cucumber.java.PendingException();&#10;}&#10;@When(&quot;User enters billing details&quot;)&#10;public void user_enters_billing_details() {&#10;    // Write code here that turns the phrase above into concrete actions&#10;    throw new io.cucumber.java.PendingException();&#10;}&#10;@When(&quot;User confirms the order&quot;)&#10;public void user_confirms_the_order() {&#10;    // Write code here that turns the phrase above into concrete actions&#10;    throw new io.cucumber.java.PendingException();&#10;}&#10;@Then(&quot;Order should be placed successfully&quot;)&#10;public void order_should_be_placed_successfully() {&#10;    // Write code here that turns the phrase above into concrete actions&#10;    throw new io.cucumber.java.PendingException();&#10;}&#10;" type="io.cucumber.testng.UndefinedStepException"><![CDATA[io.cucumber.testng.UndefinedStepException: 
The step 'User has product in cart' and 4 other step(s) are undefined.
You can implement these steps using the snippet(s) below:

@Given("User has product in cart")
public void user_has_product_in_cart() {
    // Write code here that turns the phrase above into concrete actions
    throw new io.cucumber.java.PendingException();
}
@When("User proceeds to checkout")
public void user_proceeds_to_checkout() {
    // Write code here that turns the phrase above into concrete actions
    throw new io.cucumber.java.PendingException();
}
@When("User enters billing details")
public void user_enters_billing_details() {
    // Write code here that turns the phrase above into concrete actions
    throw new io.cucumber.java.PendingException();
}
@When("User confirms the order")
public void user_confirms_the_order() {
    // Write code here that turns the phrase above into concrete actions
    throw new io.cucumber.java.PendingException();
}
@Then("Order should be placed successfully")
public void order_should_be_placed_successfully() {
    // Write code here that turns the phrase above into concrete actions
    throw new io.cucumber.java.PendingException();
}

	at ✽.User has product in cart(file:///D:/OpenCartAutomationProject/src/test/resources/features/checkout.feature:8)
]]></failure>
    <system-out><![CDATA[
&amp#27;[1mScenario:&amp#27;[22m Checkout product successfully      &amp#27;[90m# src/test/resources/features/checkout.feature:7&amp#27;[39m
  &amp#27;[33m■&amp#27;[39m &amp#27;[33m&amp#27;[1mGiven &amp#27;[22mUser has product in cart&amp#27;[39m
  &amp#27;[36m↷&amp#27;[39m &amp#27;[36m&amp#27;[1mWhen &amp#27;[22mUser proceeds to checkout&amp#27;[39m
  &amp#27;[36m↷&amp#27;[39m &amp#27;[36m&amp#27;[1mAnd &amp#27;[22mUser enters billing details&amp#27;[39m
  &amp#27;[36m↷&amp#27;[39m &amp#27;[36m&amp#27;[1mAnd &amp#27;[22mUser confirms the order&amp#27;[39m
  &amp#27;[36m↷&amp#27;[39m &amp#27;[36m&amp#27;[1mThen &amp#27;[22mOrder should be placed successfully&amp#27;[39m
]]></system-out>
    <system-err><![CDATA[Mar 07, 2026 9:08:14 PM org.openqa.selenium.devtools.CdpVersionFinder findNearestMatch
WARNING: Unable to find CDP implementation matching 145
Mar 07, 2026 9:08:14 PM org.openqa.selenium.chromium.ChromiumDriver lambda$new$4
WARNING: Unable to find version of CDP to use for 145.0.7632.160. You may need to include a dependency on a specific version of the CDP using something similar to `org.seleniumhq.selenium:selenium-devtools-v86:4.35.0` where the version ("v86") matches the version of the chromium-based browser you're using and the version number of the artifact is the same as Selenium's.
]]></system-err>
  </testcase>
  <testcase name="runScenario[&quot;Submit contact form&quot;, &quot;Contact Us form&quot;](7)" classname="runners.TestRunnerClass" time="0.954">
    <failure message="The step &apos;User navigates to Contact Us page&apos; and 3 other step(s) are undefined.&#10;You can implement these steps using the snippet(s) below:&#10;&#10;@Given(&quot;User navigates to Contact Us page&quot;)&#10;public void user_navigates_to_contact_us_page() {&#10;    // Write code here that turns the phrase above into concrete actions&#10;    throw new io.cucumber.java.PendingException();&#10;}&#10;@When(&quot;User enters name email and enquiry&quot;)&#10;public void user_enters_name_email_and_enquiry() {&#10;    // Write code here that turns the phrase above into concrete actions&#10;    throw new io.cucumber.java.PendingException();&#10;}&#10;@When(&quot;User clicks submit button&quot;)&#10;public void user_clicks_submit_button() {&#10;    // Write code here that turns the phrase above into concrete actions&#10;    throw new io.cucumber.java.PendingException();&#10;}&#10;@Then(&quot;Message should be sent successfully&quot;)&#10;public void message_should_be_sent_successfully() {&#10;    // Write code here that turns the phrase above into concrete actions&#10;    throw new io.cucumber.java.PendingException();&#10;}&#10;" type="io.cucumber.testng.UndefinedStepException"><![CDATA[io.cucumber.testng.UndefinedStepException: 
The step 'User navigates to Contact Us page' and 3 other step(s) are undefined.
You can implement these steps using the snippet(s) below:

@Given("User navigates to Contact Us page")
public void user_navigates_to_contact_us_page() {
    // Write code here that turns the phrase above into concrete actions
    throw new io.cucumber.java.PendingException();
}
@When("User enters name email and enquiry")
public void user_enters_name_email_and_enquiry() {
    // Write code here that turns the phrase above into concrete actions
    throw new io.cucumber.java.PendingException();
}
@When("User clicks submit button")
public void user_clicks_submit_button() {
    // Write code here that turns the phrase above into concrete actions
    throw new io.cucumber.java.PendingException();
}
@Then("Message should be sent successfully")
public void message_should_be_sent_successfully() {
    // Write code here that turns the phrase above into concrete actions
    throw new io.cucumber.java.PendingException();
}

	at ✽.User navigates to Contact Us page(file:///D:/OpenCartAutomationProject/src/test/resources/features/contactUs.feature:8)
]]></failure>
    <system-out><![CDATA[
&amp#27;[1mScenario:&amp#27;[22m Submit contact form                &amp#27;[90m# src/test/resources/features/contactUs.feature:7&amp#27;[39m
  &amp#27;[33m■&amp#27;[39m &amp#27;[33m&amp#27;[1mGiven &amp#27;[22mUser navigates to Contact Us page&amp#27;[39m
  &amp#27;[36m↷&amp#27;[39m &amp#27;[36m&amp#27;[1mWhen &amp#27;[22mUser enters name email and enquiry&amp#27;[39m
  &amp#27;[36m↷&amp#27;[39m &amp#27;[36m&amp#27;[1mAnd &amp#27;[22mUser clicks submit button&amp#27;[39m
  &amp#27;[36m↷&amp#27;[39m &amp#27;[36m&amp#27;[1mThen &amp#27;[22mMessage should be sent successfully&amp#27;[39m
]]></system-out>
    <system-err><![CDATA[Mar 07, 2026 9:08:15 PM org.openqa.selenium.devtools.CdpVersionFinder findNearestMatch
WARNING: Unable to find CDP implementation matching 145
Mar 07, 2026 9:08:15 PM org.openqa.selenium.chromium.ChromiumDriver lambda$new$4
WARNING: Unable to find version of CDP to use for 145.0.7632.160. You may need to include a dependency on a specific version of the CDP using something similar to `org.seleniumhq.selenium:selenium-devtools-v86:4.35.0` where the version ("v86") matches the version of the chromium-based browser you're using and the version number of the artifact is the same as Selenium's.
]]></system-err>
  </testcase>
  <testcase name="runScenario[&quot;Reset password with registered email&quot;, &quot;Forgot Password Functionality&quot;](8)" classname="runners.TestRunnerClass" time="0.972">
    <failure message="The step &apos;User is on the Forgot Password page&apos; and 3 other step(s) are undefined.&#10;You can implement these steps using the snippet(s) below:&#10;&#10;@Given(&quot;User is on the Forgot Password page&quot;)&#10;public void user_is_on_the_forgot_password_page() {&#10;    // Write code here that turns the phrase above into concrete actions&#10;    throw new io.cucumber.java.PendingException();&#10;}&#10;@When(&quot;User enters a registered email address&quot;)&#10;public void user_enters_a_registered_email_address() {&#10;    // Write code here that turns the phrase above into concrete actions&#10;    throw new io.cucumber.java.PendingException();&#10;}&#10;@When(&quot;User clicks on Continue button&quot;)&#10;public void user_clicks_on_continue_button() {&#10;    // Write code here that turns the phrase above into concrete actions&#10;    throw new io.cucumber.java.PendingException();&#10;}&#10;@Then(&quot;Password reset confirmation message should be displayed&quot;)&#10;public void password_reset_confirmation_message_should_be_displayed() {&#10;    // Write code here that turns the phrase above into concrete actions&#10;    throw new io.cucumber.java.PendingException();&#10;}&#10;" type="io.cucumber.testng.UndefinedStepException"><![CDATA[io.cucumber.testng.UndefinedStepException: 
The step 'User is on the Forgot Password page' and 3 other step(s) are undefined.
You can implement these steps using the snippet(s) below:

@Given("User is on the Forgot Password page")
public void user_is_on_the_forgot_password_page() {
    // Write code here that turns the phrase above into concrete actions
    throw new io.cucumber.java.PendingException();
}
@When("User enters a registered email address")
public void user_enters_a_registered_email_address() {
    // Write code here that turns the phrase above into concrete actions
    throw new io.cucumber.java.PendingException();
}
@When("User clicks on Continue button")
public void user_clicks_on_continue_button() {
    // Write code here that turns the phrase above into concrete actions
    throw new io.cucumber.java.PendingException();
}
@Then("Password reset confirmation message should be displayed")
public void password_reset_confirmation_message_should_be_displayed() {
    // Write code here that turns the phrase above into concrete actions
    throw new io.cucumber.java.PendingException();
}

	at ✽.User is on the Forgot Password page(file:///D:/OpenCartAutomationProject/src/test/resources/features/forgetPassword.feature:8)
]]></failure>
    <system-out><![CDATA[
@Smoke
&amp#27;[1mScenario:&amp#27;[22m Reset password with registered email                   &amp#27;[90m# src/test/resources/features/forgetPassword.feature:11&amp#27;[39m
  &amp#27;[33m■&amp#27;[39m &amp#27;[33m&amp#27;[1mGiven &amp#27;[22mUser is on the Forgot Password page&amp#27;[39m
  &amp#27;[36m↷&amp#27;[39m &amp#27;[36m&amp#27;[1mWhen &amp#27;[22mUser enters a registered email address&amp#27;[39m
  &amp#27;[36m↷&amp#27;[39m &amp#27;[36m&amp#27;[1mAnd &amp#27;[22mUser clicks on Continue button&amp#27;[39m
  &amp#27;[36m↷&amp#27;[39m &amp#27;[36m&amp#27;[1mThen &amp#27;[22mPassword reset confirmation message should be displayed&amp#27;[39m
]]></system-out>
    <system-err><![CDATA[Mar 07, 2026 9:08:16 PM org.openqa.selenium.devtools.CdpVersionFinder findNearestMatch
WARNING: Unable to find CDP implementation matching 145
Mar 07, 2026 9:08:16 PM org.openqa.selenium.chromium.ChromiumDriver lambda$new$4
WARNING: Unable to find version of CDP to use for 145.0.7632.160. You may need to include a dependency on a specific version of the CDP using something similar to `org.seleniumhq.selenium:selenium-devtools-v86:4.35.0` where the version ("v86") matches the version of the chromium-based browser you're using and the version number of the artifact is the same as Selenium's.
]]></system-err>
  </testcase>
  <testcase name="runScenario[&quot;Reset password with unregistered email&quot;, &quot;Forgot Password Functionality&quot;](9)" classname="runners.TestRunnerClass" time="0.97">
    <failure message="The step &apos;User is on the Forgot Password page&apos; and 3 other step(s) are undefined.&#10;You can implement these steps using the snippet(s) below:&#10;&#10;@Given(&quot;User is on the Forgot Password page&quot;)&#10;public void user_is_on_the_forgot_password_page() {&#10;    // Write code here that turns the phrase above into concrete actions&#10;    throw new io.cucumber.java.PendingException();&#10;}&#10;@When(&quot;User enters an unregistered email address&quot;)&#10;public void user_enters_an_unregistered_email_address() {&#10;    // Write code here that turns the phrase above into concrete actions&#10;    throw new io.cucumber.java.PendingException();&#10;}&#10;@When(&quot;User clicks on Continue button&quot;)&#10;public void user_clicks_on_continue_button() {&#10;    // Write code here that turns the phrase above into concrete actions&#10;    throw new io.cucumber.java.PendingException();&#10;}&#10;@Then(&quot;Warning message for invalid email should be displayed&quot;)&#10;public void warning_message_for_invalid_email_should_be_displayed() {&#10;    // Write code here that turns the phrase above into concrete actions&#10;    throw new io.cucumber.java.PendingException();&#10;}&#10;" type="io.cucumber.testng.UndefinedStepException"><![CDATA[io.cucumber.testng.UndefinedStepException: 
The step 'User is on the Forgot Password page' and 3 other step(s) are undefined.
You can implement these steps using the snippet(s) below:

@Given("User is on the Forgot Password page")
public void user_is_on_the_forgot_password_page() {
    // Write code here that turns the phrase above into concrete actions
    throw new io.cucumber.java.PendingException();
}
@When("User enters an unregistered email address")
public void user_enters_an_unregistered_email_address() {
    // Write code here that turns the phrase above into concrete actions
    throw new io.cucumber.java.PendingException();
}
@When("User clicks on Continue button")
public void user_clicks_on_continue_button() {
    // Write code here that turns the phrase above into concrete actions
    throw new io.cucumber.java.PendingException();
}
@Then("Warning message for invalid email should be displayed")
public void warning_message_for_invalid_email_should_be_displayed() {
    // Write code here that turns the phrase above into concrete actions
    throw new io.cucumber.java.PendingException();
}

	at ✽.User is on the Forgot Password page(file:///D:/OpenCartAutomationProject/src/test/resources/features/forgetPassword.feature:8)
]]></failure>
    <system-out><![CDATA[
@Negative
&amp#27;[1mScenario:&amp#27;[22m Reset password with unregistered email               &amp#27;[90m# src/test/resources/features/forgetPassword.feature:17&amp#27;[39m
  &amp#27;[33m■&amp#27;[39m &amp#27;[33m&amp#27;[1mGiven &amp#27;[22mUser is on the Forgot Password page&amp#27;[39m
  &amp#27;[36m↷&amp#27;[39m &amp#27;[36m&amp#27;[1mWhen &amp#27;[22mUser enters an unregistered email address&amp#27;[39m
  &amp#27;[36m↷&amp#27;[39m &amp#27;[36m&amp#27;[1mAnd &amp#27;[22mUser clicks on Continue button&amp#27;[39m
  &amp#27;[36m↷&amp#27;[39m &amp#27;[36m&amp#27;[1mThen &amp#27;[22mWarning message for invalid email should be displayed&amp#27;[39m
]]></system-out>
    <system-err><![CDATA[Mar 07, 2026 9:08:17 PM org.openqa.selenium.devtools.CdpVersionFinder findNearestMatch
WARNING: Unable to find CDP implementation matching 145
Mar 07, 2026 9:08:17 PM org.openqa.selenium.chromium.ChromiumDriver lambda$new$4
WARNING: Unable to find version of CDP to use for 145.0.7632.160. You may need to include a dependency on a specific version of the CDP using something similar to `org.seleniumhq.selenium:selenium-devtools-v86:4.35.0` where the version ("v86") matches the version of the chromium-based browser you're using and the version number of the artifact is the same as Selenium's.
]]></system-err>
  </testcase>
  <testcase name="runScenario[&quot;Reset password with empty email field&quot;, &quot;Forgot Password Functionality&quot;](10)" classname="runners.TestRunnerClass" time="0.901">
    <failure message="The step &apos;User is on the Forgot Password page&apos; and 3 other step(s) are undefined.&#10;You can implement these steps using the snippet(s) below:&#10;&#10;@Given(&quot;User is on the Forgot Password page&quot;)&#10;public void user_is_on_the_forgot_password_page() {&#10;    // Write code here that turns the phrase above into concrete actions&#10;    throw new io.cucumber.java.PendingException();&#10;}&#10;@When(&quot;User leaves the email field blank&quot;)&#10;public void user_leaves_the_email_field_blank() {&#10;    // Write code here that turns the phrase above into concrete actions&#10;    throw new io.cucumber.java.PendingException();&#10;}&#10;@When(&quot;User clicks on Continue button&quot;)&#10;public void user_clicks_on_continue_button() {&#10;    // Write code here that turns the phrase above into concrete actions&#10;    throw new io.cucumber.java.PendingException();&#10;}&#10;@Then(&quot;Email required validation message should be displayed&quot;)&#10;public void email_required_validation_message_should_be_displayed() {&#10;    // Write code here that turns the phrase above into concrete actions&#10;    throw new io.cucumber.java.PendingException();&#10;}&#10;" type="io.cucumber.testng.UndefinedStepException"><![CDATA[io.cucumber.testng.UndefinedStepException: 
The step 'User is on the Forgot Password page' and 3 other step(s) are undefined.
You can implement these steps using the snippet(s) below:

@Given("User is on the Forgot Password page")
public void user_is_on_the_forgot_password_page() {
    // Write code here that turns the phrase above into concrete actions
    throw new io.cucumber.java.PendingException();
}
@When("User leaves the email field blank")
public void user_leaves_the_email_field_blank() {
    // Write code here that turns the phrase above into concrete actions
    throw new io.cucumber.java.PendingException();
}
@When("User clicks on Continue button")
public void user_clicks_on_continue_button() {
    // Write code here that turns the phrase above into concrete actions
    throw new io.cucumber.java.PendingException();
}
@Then("Email required validation message should be displayed")
public void email_required_validation_message_should_be_displayed() {
    // Write code here that turns the phrase above into concrete actions
    throw new io.cucumber.java.PendingException();
}

	at ✽.User is on the Forgot Password page(file:///D:/OpenCartAutomationProject/src/test/resources/features/forgetPassword.feature:8)
]]></failure>
    <system-out><![CDATA[
@Validation
&amp#27;[1mScenario:&amp#27;[22m Reset password with empty email field                &amp#27;[90m# src/test/resources/features/forgetPassword.feature:23&amp#27;[39m
  &amp#27;[33m■&amp#27;[39m &amp#27;[33m&amp#27;[1mGiven &amp#27;[22mUser is on the Forgot Password page&amp#27;[39m
  &amp#27;[36m↷&amp#27;[39m &amp#27;[36m&amp#27;[1mWhen &amp#27;[22mUser leaves the email field blank&amp#27;[39m
  &amp#27;[36m↷&amp#27;[39m &amp#27;[36m&amp#27;[1mAnd &amp#27;[22mUser clicks on Continue button&amp#27;[39m
  &amp#27;[36m↷&amp#27;[39m &amp#27;[36m&amp#27;[1mThen &amp#27;[22mEmail required validation message should be displayed&amp#27;[39m
]]></system-out>
    <system-err><![CDATA[Mar 07, 2026 9:08:18 PM org.openqa.selenium.devtools.CdpVersionFinder findNearestMatch
WARNING: Unable to find CDP implementation matching 145
Mar 07, 2026 9:08:18 PM org.openqa.selenium.chromium.ChromiumDriver lambda$new$4
WARNING: Unable to find version of CDP to use for 145.0.7632.160. You may need to include a dependency on a specific version of the CDP using something similar to `org.seleniumhq.selenium:selenium-devtools-v86:4.35.0` where the version ("v86") matches the version of the chromium-based browser you're using and the version number of the artifact is the same as Selenium's.
]]></system-err>
  </testcase>
  <testcase name="runScenario[&quot;Navigate back to login page&quot;, &quot;Forgot Password Functionality&quot;](11)" classname="runners.TestRunnerClass" time="0.948">
    <failure message="The step &apos;User is on the Forgot Password page&apos; and 2 other step(s) are undefined.&#10;You can implement these steps using the snippet(s) below:&#10;&#10;@Given(&quot;User is on the Forgot Password page&quot;)&#10;public void user_is_on_the_forgot_password_page() {&#10;    // Write code here that turns the phrase above into concrete actions&#10;    throw new io.cucumber.java.PendingException();&#10;}&#10;@When(&quot;User clicks on Back button&quot;)&#10;public void user_clicks_on_back_button() {&#10;    // Write code here that turns the phrase above into concrete actions&#10;    throw new io.cucumber.java.PendingException();&#10;}&#10;@Then(&quot;User should be navigated to Login page&quot;)&#10;public void user_should_be_navigated_to_login_page() {&#10;    // Write code here that turns the phrase above into concrete actions&#10;    throw new io.cucumber.java.PendingException();&#10;}&#10;" type="io.cucumber.testng.UndefinedStepException"><![CDATA[io.cucumber.testng.UndefinedStepException: 
The step 'User is on the Forgot Password page' and 2 other step(s) are undefined.
You can implement these steps using the snippet(s) below:

@Given("User is on the Forgot Password page")
public void user_is_on_the_forgot_password_page() {
    // Write code here that turns the phrase above into concrete actions
    throw new io.cucumber.java.PendingException();
}
@When("User clicks on Back button")
public void user_clicks_on_back_button() {
    // Write code here that turns the phrase above into concrete actions
    throw new io.cucumber.java.PendingException();
}
@Then("User should be navigated to Login page")
public void user_should_be_navigated_to_login_page() {
    // Write code here that turns the phrase above into concrete actions
    throw new io.cucumber.java.PendingException();
}

	at ✽.User is on the Forgot Password page(file:///D:/OpenCartAutomationProject/src/test/resources/features/forgetPassword.feature:8)
]]></failure>
    <system-out><![CDATA[
@Navigation
&amp#27;[1mScenario:&amp#27;[22m Navigate back to login page           &amp#27;[90m# src/test/resources/features/forgetPassword.feature:29&amp#27;[39m
  &amp#27;[33m■&amp#27;[39m &amp#27;[33m&amp#27;[1mGiven &amp#27;[22mUser is on the Forgot Password page&amp#27;[39m
  &amp#27;[36m↷&amp#27;[39m &amp#27;[36m&amp#27;[1mWhen &amp#27;[22mUser clicks on Back button&amp#27;[39m
  &amp#27;[36m↷&amp#27;[39m &amp#27;[36m&amp#27;[1mThen &amp#27;[22mUser should be navigated to Login page&amp#27;[39m
]]></system-out>
    <system-err><![CDATA[Mar 07, 2026 9:08:19 PM org.openqa.selenium.devtools.CdpVersionFinder findNearestMatch
WARNING: Unable to find CDP implementation matching 145
Mar 07, 2026 9:08:19 PM org.openqa.selenium.chromium.ChromiumDriver lambda$new$4
WARNING: Unable to find version of CDP to use for 145.0.7632.160. You may need to include a dependency on a specific version of the CDP using something similar to `org.seleniumhq.selenium:selenium-devtools-v86:4.35.0` where the version ("v86") matches the version of the chromium-based browser you're using and the version number of the artifact is the same as Selenium's.
]]></system-err>
  </testcase>
  <testcase name="runScenario[&quot;Compare two products&quot;, &quot;Product comparison&quot;](12)" classname="runners.TestRunnerClass" time="1.129">
    <failure message="The step &apos;User is on home page&apos; and 4 other step(s) are undefined.&#10;You can implement these steps using the snippet(s) below:&#10;&#10;@Given(&quot;User is on home page&quot;)&#10;public void user_is_on_home_page() {&#10;    // Write code here that turns the phrase above into concrete actions&#10;    throw new io.cucumber.java.PendingException();&#10;}&#10;@When(&quot;User adds first product to compare&quot;)&#10;public void user_adds_first_product_to_compare() {&#10;    // Write code here that turns the phrase above into concrete actions&#10;    throw new io.cucumber.java.PendingException();&#10;}&#10;@When(&quot;User adds second product to compare&quot;)&#10;public void user_adds_second_product_to_compare() {&#10;    // Write code here that turns the phrase above into concrete actions&#10;    throw new io.cucumber.java.PendingException();&#10;}&#10;@When(&quot;User navigates to product comparison page&quot;)&#10;public void user_navigates_to_product_comparison_page() {&#10;    // Write code here that turns the phrase above into concrete actions&#10;    throw new io.cucumber.java.PendingException();&#10;}&#10;@Then(&quot;Both products should be displayed for comparison&quot;)&#10;public void both_products_should_be_displayed_for_comparison() {&#10;    // Write code here that turns the phrase above into concrete actions&#10;    throw new io.cucumber.java.PendingException();&#10;}&#10;" type="io.cucumber.testng.UndefinedStepException"><![CDATA[io.cucumber.testng.UndefinedStepException: 
The step 'User is on home page' and 4 other step(s) are undefined.
You can implement these steps using the snippet(s) below:

@Given("User is on home page")
public void user_is_on_home_page() {
    // Write code here that turns the phrase above into concrete actions
    throw new io.cucumber.java.PendingException();
}
@When("User adds first product to compare")
public void user_adds_first_product_to_compare() {
    // Write code here that turns the phrase above into concrete actions
    throw new io.cucumber.java.PendingException();
}
@When("User adds second product to compare")
public void user_adds_second_product_to_compare() {
    // Write code here that turns the phrase above into concrete actions
    throw new io.cucumber.java.PendingException();
}
@When("User navigates to product comparison page")
public void user_navigates_to_product_comparison_page() {
    // Write code here that turns the phrase above into concrete actions
    throw new io.cucumber.java.PendingException();
}
@Then("Both products should be displayed for comparison")
public void both_products_should_be_displayed_for_comparison() {
    // Write code here that turns the phrase above into concrete actions
    throw new io.cucumber.java.PendingException();
}

	at ✽.User is on home page(file:///D:/OpenCartAutomationProject/src/test/resources/features/productComparison.feature:8)
]]></failure>
    <system-out><![CDATA[
&amp#27;[1mScenario:&amp#27;[22m Compare two products                            &amp#27;[90m# src/test/resources/features/productComparison.feature:7&amp#27;[39m
  &amp#27;[33m■&amp#27;[39m &amp#27;[33m&amp#27;[1mGiven &amp#27;[22mUser is on home page&amp#27;[39m
  &amp#27;[36m↷&amp#27;[39m &amp#27;[36m&amp#27;[1mWhen &amp#27;[22mUser adds first product to compare&amp#27;[39m
  &amp#27;[36m↷&amp#27;[39m &amp#27;[36m&amp#27;[1mAnd &amp#27;[22mUser adds second product to compare&amp#27;[39m
  &amp#27;[36m↷&amp#27;[39m &amp#27;[36m&amp#27;[1mAnd &amp#27;[22mUser navigates to product comparison page&amp#27;[39m
  &amp#27;[36m↷&amp#27;[39m &amp#27;[36m&amp#27;[1mThen &amp#27;[22mBoth products should be displayed for comparison&amp#27;[39m
]]></system-out>
    <system-err><![CDATA[Mar 07, 2026 9:08:20 PM org.openqa.selenium.devtools.CdpVersionFinder findNearestMatch
WARNING: Unable to find CDP implementation matching 145
Mar 07, 2026 9:08:20 PM org.openqa.selenium.chromium.ChromiumDriver lambda$new$4
WARNING: Unable to find version of CDP to use for 145.0.7632.160. You may need to include a dependency on a specific version of the CDP using something similar to `org.seleniumhq.selenium:selenium-devtools-v86:4.35.0` where the version ("v86") matches the version of the chromium-based browser you're using and the version number of the artifact is the same as Selenium's.
]]></system-err>
  </testcase>
  <testcase name="runScenario[&quot;Remove product from cart&quot;, &quot;Remove product from cart&quot;](13)" classname="runners.TestRunnerClass" time="1.047">
    <failure message="The step &apos;User has product in the cart&apos; and 3 other step(s) are undefined.&#10;You can implement these steps using the snippet(s) below:&#10;&#10;@Given(&quot;User has product in the cart&quot;)&#10;public void user_has_product_in_the_cart() {&#10;    // Write code here that turns the phrase above into concrete actions&#10;    throw new io.cucumber.java.PendingException();&#10;}&#10;@When(&quot;User navigates to cart page&quot;)&#10;public void user_navigates_to_cart_page() {&#10;    // Write code here that turns the phrase above into concrete actions&#10;    throw new io.cucumber.java.PendingException();&#10;}&#10;@When(&quot;User clicks remove button&quot;)&#10;public void user_clicks_remove_button() {&#10;    // Write code here that turns the phrase above into concrete actions&#10;    throw new io.cucumber.java.PendingException();&#10;}&#10;@Then(&quot;Product should be removed from cart&quot;)&#10;public void product_should_be_removed_from_cart() {&#10;    // Write code here that turns the phrase above into concrete actions&#10;    throw new io.cucumber.java.PendingException();&#10;}&#10;" type="io.cucumber.testng.UndefinedStepException"><![CDATA[io.cucumber.testng.UndefinedStepException: 
The step 'User has product in the cart' and 3 other step(s) are undefined.
You can implement these steps using the snippet(s) below:

@Given("User has product in the cart")
public void user_has_product_in_the_cart() {
    // Write code here that turns the phrase above into concrete actions
    throw new io.cucumber.java.PendingException();
}
@When("User navigates to cart page")
public void user_navigates_to_cart_page() {
    // Write code here that turns the phrase above into concrete actions
    throw new io.cucumber.java.PendingException();
}
@When("User clicks remove button")
public void user_clicks_remove_button() {
    // Write code here that turns the phrase above into concrete actions
    throw new io.cucumber.java.PendingException();
}
@Then("Product should be removed from cart")
public void product_should_be_removed_from_cart() {
    // Write code here that turns the phrase above into concrete actions
    throw new io.cucumber.java.PendingException();
}

	at ✽.User has product in the cart(file:///D:/OpenCartAutomationProject/src/test/resources/features/removeFromCart.feature:8)
]]></failure>
    <system-out><![CDATA[
&amp#27;[1mScenario:&amp#27;[22m Remove product from cart           &amp#27;[90m# src/test/resources/features/removeFromCart.feature:7&amp#27;[39m
  &amp#27;[33m■&amp#27;[39m &amp#27;[33m&amp#27;[1mGiven &amp#27;[22mUser has product in the cart&amp#27;[39m
  &amp#27;[36m↷&amp#27;[39m &amp#27;[36m&amp#27;[1mWhen &amp#27;[22mUser navigates to cart page&amp#27;[39m
  &amp#27;[36m↷&amp#27;[39m &amp#27;[36m&amp#27;[1mAnd &amp#27;[22mUser clicks remove button&amp#27;[39m
  &amp#27;[36m↷&amp#27;[39m &amp#27;[36m&amp#27;[1mThen &amp#27;[22mProduct should be removed from cart&amp#27;[39m
]]></system-out>
    <system-err><![CDATA[Mar 07, 2026 9:08:21 PM org.openqa.selenium.devtools.CdpVersionFinder findNearestMatch
WARNING: Unable to find CDP implementation matching 145
Mar 07, 2026 9:08:21 PM org.openqa.selenium.chromium.ChromiumDriver lambda$new$4
WARNING: Unable to find version of CDP to use for 145.0.7632.160. You may need to include a dependency on a specific version of the CDP using something similar to `org.seleniumhq.selenium:selenium-devtools-v86:4.35.0` where the version ("v86") matches the version of the chromium-based browser you're using and the version number of the artifact is the same as Selenium's.
]]></system-err>
  </testcase>
  <testcase name="runScenario[&quot;Add product to wishlist&quot;, &quot;Add product to wishlist&quot;](14)" classname="runners.TestRunnerClass" time="0.875">
    <failure message="The step &apos;User is logged into the application&apos; and 3 other step(s) are undefined.&#10;You can implement these steps using the snippet(s) below:&#10;&#10;@Given(&quot;User is logged into the application&quot;)&#10;public void user_is_logged_into_the_application() {&#10;    // Write code here that turns the phrase above into concrete actions&#10;    throw new io.cucumber.java.PendingException();&#10;}&#10;@When(&quot;User searches for a product&quot;)&#10;public void user_searches_for_a_product() {&#10;    // Write code here that turns the phrase above into concrete actions&#10;    throw new io.cucumber.java.PendingException();&#10;}&#10;@When(&quot;User clicks on Add to Wishlist&quot;)&#10;public void user_clicks_on_add_to_wishlist() {&#10;    // Write code here that turns the phrase above into concrete actions&#10;    throw new io.cucumber.java.PendingException();&#10;}&#10;@Then(&quot;Product should be added to wishlist&quot;)&#10;public void product_should_be_added_to_wishlist() {&#10;    // Write code here that turns the phrase above into concrete actions&#10;    throw new io.cucumber.java.PendingException();&#10;}&#10;" type="io.cucumber.testng.UndefinedStepException"><![CDATA[io.cucumber.testng.UndefinedStepException: 
The step 'User is logged into the application' and 3 other step(s) are undefined.
You can implement these steps using the snippet(s) below:

@Given("User is logged into the application")
public void user_is_logged_into_the_application() {
    // Write code here that turns the phrase above into concrete actions
    throw new io.cucumber.java.PendingException();
}
@When("User searches for a product")
public void user_searches_for_a_product() {
    // Write code here that turns the phrase above into concrete actions
    throw new io.cucumber.java.PendingException();
}
@When("User clicks on Add to Wishlist")
public void user_clicks_on_add_to_wishlist() {
    // Write code here that turns the phrase above into concrete actions
    throw new io.cucumber.java.PendingException();
}
@Then("Product should be added to wishlist")
public void product_should_be_added_to_wishlist() {
    // Write code here that turns the phrase above into concrete actions
    throw new io.cucumber.java.PendingException();
}

	at ✽.User is logged into the application(file:///D:/OpenCartAutomationProject/src/test/resources/features/wishlist.feature:8)
]]></failure>
    <system-out><![CDATA[
&amp#27;[1mScenario:&amp#27;[22m Add product to wishlist             &amp#27;[90m# src/test/resources/features/wishlist.feature:7&amp#27;[39m
  &amp#27;[33m■&amp#27;[39m &amp#27;[33m&amp#27;[1mGiven &amp#27;[22mUser is logged into the application&amp#27;[39m
  &amp#27;[36m↷&amp#27;[39m &amp#27;[36m&amp#27;[1mWhen &amp#27;[22mUser searches for a product&amp#27;[39m
  &amp#27;[36m↷&amp#27;[39m &amp#27;[36m&amp#27;[1mAnd &amp#27;[22mUser clicks on Add to Wishlist&amp#27;[39m
  &amp#27;[36m↷&amp#27;[39m &amp#27;[36m&amp#27;[1mThen &amp#27;[22mProduct should be added to wishlist&amp#27;[39m
]]></system-out>
    <system-err><![CDATA[Mar 07, 2026 9:08:22 PM org.openqa.selenium.devtools.CdpVersionFinder findNearestMatch
WARNING: Unable to find CDP implementation matching 145
Mar 07, 2026 9:08:22 PM org.openqa.selenium.chromium.ChromiumDriver lambda$new$4
WARNING: Unable to find version of CDP to use for 145.0.7632.160. You may need to include a dependency on a specific version of the CDP using something similar to `org.seleniumhq.selenium:selenium-devtools-v86:4.35.0` where the version ("v86") matches the version of the chromium-based browser you're using and the version number of the artifact is the same as Selenium's.
]]></system-err>
  </testcase>
</testsuite>