<?xml version="1.0" encoding="UTF-8"?>
<!-- Generated by org.testng.reporters.JUnitReportReporter -->
<testsuite hostname="admin" failures="0" tests="3" name="runners.TestRunnerClass" time="9.299" errors="2" timestamp="2026-02-15T19:06:20 IST" skipped="0">
  <testcase classname="runners.TestRunnerClass" name="runScenario" time="4.550"/>
  <testcase classname="runners.TestRunnerClass" name="runScenario" time="1.999">
    <error message="The step &#039;the user enters personal details &quot;ariana&quot; &quot;grande&quot; &quot;Ariana@123&quot;&#039; is undefined.
You can implement this step using the snippet(s) below:

@When(&quot;the user enters personal details {string} {string} {string}&quot;)
public void the_user_enters_personal_details(String string, String string2, String string3) {
    // Write code here that turns the phrase above into concrete actions
    throw new io.cucumber.java.PendingException();
}
" type="io.cucumber.testng.UndefinedStepException">
      <![CDATA[io.cucumber.testng.UndefinedStepException: The step 'the user enters personal details "ariana" "grande" "Ariana@123"' is undefined.
You can implement this step using the snippet(s) below:

@When("the user enters personal details {string} {string} {string}")
public void the_user_enters_personal_details(String string, String string2, String string3) {
    // Write code here that turns the phrase above into concrete actions
    throw new io.cucumber.java.PendingException();
}

at ✽.the user enters personal details "ariana" "grande" "Ariana@123"(file:///D:/OpenCartAutomationProject/src/test/resources/features/RegisterAccount.feature:11)
]]>
    </error>
  </testcase> <!-- runScenario -->
  <testcase classname="runners.TestRunnerClass" name="runScenario" time="2.750">
    <error message="The step &#039;the user enters personal details &quot;Sneha&quot; &quot;Sharma&quot; &quot;Test@123&quot;&#039; is undefined.
You can implement this step using the snippet(s) below:

@When(&quot;the user enters personal details {string} {string} {string}&quot;)
public void the_user_enters_personal_details(String string, String string2, String string3) {
    // Write code here that turns the phrase above into concrete actions
    throw new io.cucumber.java.PendingException();
}
" type="io.cucumber.testng.UndefinedStepException">
      <![CDATA[io.cucumber.testng.UndefinedStepException: The step 'the user enters personal details "Sneha" "Sharma" "Test@123"' is undefined.
You can implement this step using the snippet(s) below:

@When("the user enters personal details {string} {string} {string}")
public void the_user_enters_personal_details(String string, String string2, String string3) {
    // Write code here that turns the phrase above into concrete actions
    throw new io.cucumber.java.PendingException();
}

at ✽.the user enters personal details "Sneha" "Sharma" "Test@123"(file:///D:/OpenCartAutomationProject/src/test/resources/features/RegisterAccount.feature:11)
]]>
    </error>
  </testcase> <!-- runScenario -->
</testsuite> <!-- runners.TestRunnerClass -->
